{"/Users/bryceharmon/Desktop/prompt-builder/server.js": {"path":"/Users/bryceharmon/Desktop/prompt-builder/server.js","all":false,"statementMap":{"0":{"start":{"line":1,"column":0},"end":{"line":1,"column":30}},"1":{"start":{"line":2,"column":0},"end":{"line":2,"column":24}},"2":{"start":{"line":3,"column":0},"end":{"line":3,"column":28}},"3":{"start":{"line":4,"column":0},"end":{"line":4,"column":28}},"4":{"start":{"line":5,"column":0},"end":{"line":5,"column":43}},"5":{"start":{"line":6,"column":0},"end":{"line":6,"column":53}},"12":{"start":{"line":13,"column":0},"end":{"line":13,"column":31}},"14":{"start":{"line":15,"column":0},"end":{"line":15,"column":16}},"17":{"start":{"line":18,"column":0},"end":{"line":18,"column":5}},"18":{"start":{"line":19,"column":0},"end":{"line":19,"column":16}},"19":{"start":{"line":20,"column":0},"end":{"line":20,"column":17}},"20":{"start":{"line":21,"column":0},"end":{"line":21,"column":67}},"21":{"start":{"line":22,"column":0},"end":{"line":22,"column":16}},"22":{"start":{"line":23,"column":0},"end":{"line":23,"column":75}},"23":{"start":{"line":24,"column":0},"end":{"line":24,"column":4}},"24":{"start":{"line":25,"column":0},"end":{"line":25,"column":18}},"25":{"start":{"line":26,"column":0},"end":{"line":26,"column":1}},"27":{"start":{"line":28,"column":0},"end":{"line":28,"column":22}},"28":{"start":{"line":29,"column":0},"end":{"line":29,"column":38}},"29":{"start":{"line":30,"column":0},"end":{"line":30,"column":72}},"32":{"start":{"line":33,"column":0},"end":{"line":33,"column":62}},"33":{"start":{"line":34,"column":0},"end":{"line":34,"column":43}},"34":{"start":{"line":35,"column":0},"end":{"line":35,"column":73}},"36":{"start":{"line":37,"column":0},"end":{"line":37,"column":7}},"37":{"start":{"line":38,"column":0},"end":{"line":38,"column":75}},"38":{"start":{"line":39,"column":0},"end":{"line":39,"column":21}},"39":{"start":{"line":40,"column":0},"end":{"line":40,"column":16}},"40":{"start":{"line":41,"column":0},"end":{"line":41,"column":56}},"41":{"start":{"line":42,"column":0},"end":{"line":42,"column":42}},"42":{"start":{"line":43,"column":0},"end":{"line":43,"column":43}},"43":{"start":{"line":44,"column":0},"end":{"line":44,"column":8}},"44":{"start":{"line":45,"column":0},"end":{"line":45,"column":28}},"45":{"start":{"line":46,"column":0},"end":{"line":46,"column":42}},"46":{"start":{"line":47,"column":0},"end":{"line":47,"column":30}},"47":{"start":{"line":48,"column":0},"end":{"line":48,"column":19}},"48":{"start":{"line":49,"column":0},"end":{"line":49,"column":11}},"49":{"start":{"line":50,"column":0},"end":{"line":50,"column":25}},"50":{"start":{"line":51,"column":0},"end":{"line":51,"column":34}},"51":{"start":{"line":52,"column":0},"end":{"line":52,"column":12}},"52":{"start":{"line":53,"column":0},"end":{"line":53,"column":10}},"53":{"start":{"line":54,"column":0},"end":{"line":54,"column":9}},"54":{"start":{"line":55,"column":0},"end":{"line":55,"column":32}},"55":{"start":{"line":56,"column":0},"end":{"line":56,"column":7}},"57":{"start":{"line":58,"column":0},"end":{"line":58,"column":28}},"59":{"start":{"line":60,"column":0},"end":{"line":60,"column":23}},"60":{"start":{"line":61,"column":0},"end":{"line":61,"column":46}},"61":{"start":{"line":62,"column":0},"end":{"line":62,"column":58}},"62":{"start":{"line":63,"column":0},"end":{"line":63,"column":5}},"64":{"start":{"line":65,"column":0},"end":{"line":65,"column":33}},"65":{"start":{"line":66,"column":0},"end":{"line":66,"column":19}},"66":{"start":{"line":67,"column":0},"end":{"line":67,"column":28}},"67":{"start":{"line":68,"column":0},"end":{"line":68,"column":38}},"68":{"start":{"line":69,"column":0},"end":{"line":69,"column":79}},"69":{"start":{"line":70,"column":0},"end":{"line":70,"column":5}},"70":{"start":{"line":71,"column":0},"end":{"line":71,"column":16}},"71":{"start":{"line":72,"column":0},"end":{"line":72,"column":3}},"72":{"start":{"line":73,"column":0},"end":{"line":73,"column":1}},"75":{"start":{"line":76,"column":0},"end":{"line":76,"column":18}},"78":{"start":{"line":79,"column":0},"end":{"line":79,"column":38}},"79":{"start":{"line":80,"column":0},"end":{"line":80,"column":29}},"80":{"start":{"line":81,"column":0},"end":{"line":81,"column":43}},"81":{"start":{"line":82,"column":0},"end":{"line":82,"column":59}},"82":{"start":{"line":83,"column":0},"end":{"line":83,"column":46}},"83":{"start":{"line":84,"column":0},"end":{"line":84,"column":5}},"85":{"start":{"line":86,"column":0},"end":{"line":86,"column":32}},"86":{"start":{"line":87,"column":0},"end":{"line":87,"column":40}},"87":{"start":{"line":88,"column":0},"end":{"line":88,"column":50}},"88":{"start":{"line":89,"column":0},"end":{"line":89,"column":61}},"89":{"start":{"line":90,"column":0},"end":{"line":90,"column":5}},"91":{"start":{"line":92,"column":0},"end":{"line":92,"column":31}},"92":{"start":{"line":93,"column":0},"end":{"line":93,"column":1}},"95":{"start":{"line":96,"column":0},"end":{"line":96,"column":8}},"96":{"start":{"line":97,"column":0},"end":{"line":97,"column":8}},"97":{"start":{"line":98,"column":0},"end":{"line":98,"column":11}},"98":{"start":{"line":99,"column":0},"end":{"line":99,"column":43}},"99":{"start":{"line":100,"column":0},"end":{"line":100,"column":64}},"100":{"start":{"line":101,"column":0},"end":{"line":101,"column":61}},"101":{"start":{"line":102,"column":0},"end":{"line":102,"column":22}},"102":{"start":{"line":103,"column":0},"end":{"line":103,"column":4}},"103":{"start":{"line":104,"column":0},"end":{"line":104,"column":2}},"105":{"start":{"line":106,"column":0},"end":{"line":106,"column":41}},"107":{"start":{"line":108,"column":0},"end":{"line":108,"column":47}},"108":{"start":{"line":109,"column":0},"end":{"line":109,"column":51}},"109":{"start":{"line":110,"column":0},"end":{"line":110,"column":69}},"112":{"start":{"line":113,"column":0},"end":{"line":113,"column":59}},"113":{"start":{"line":114,"column":0},"end":{"line":114,"column":14}},"114":{"start":{"line":115,"column":0},"end":{"line":115,"column":67}},"115":{"start":{"line":116,"column":0},"end":{"line":116,"column":76}},"116":{"start":{"line":117,"column":0},"end":{"line":117,"column":33}},"117":{"start":{"line":118,"column":0},"end":{"line":118,"column":33}},"118":{"start":{"line":119,"column":0},"end":{"line":119,"column":40}},"119":{"start":{"line":120,"column":0},"end":{"line":120,"column":7}},"120":{"start":{"line":121,"column":0},"end":{"line":121,"column":3}},"122":{"start":{"line":123,"column":0},"end":{"line":123,"column":42}},"124":{"start":{"line":125,"column":0},"end":{"line":125,"column":24}},"126":{"start":{"line":127,"column":0},"end":{"line":127,"column":29}},"127":{"start":{"line":128,"column":0},"end":{"line":128,"column":204}},"143":{"start":{"line":144,"column":0},"end":{"line":144,"column":18}},"148":{"start":{"line":149,"column":0},"end":{"line":149,"column":35}},"149":{"start":{"line":150,"column":0},"end":{"line":150,"column":109}},"175":{"start":{"line":176,"column":0},"end":{"line":176,"column":18}},"180":{"start":{"line":181,"column":0},"end":{"line":181,"column":35}},"181":{"start":{"line":182,"column":0},"end":{"line":182,"column":111}},"207":{"start":{"line":208,"column":0},"end":{"line":208,"column":18}},"212":{"start":{"line":213,"column":0},"end":{"line":213,"column":32}},"213":{"start":{"line":214,"column":0},"end":{"line":214,"column":280}},"215":{"start":{"line":216,"column":0},"end":{"line":216,"column":33}},"367":{"start":{"line":368,"column":0},"end":{"line":368,"column":10}},"369":{"start":{"line":370,"column":0},"end":{"line":370,"column":116}},"395":{"start":{"line":396,"column":0},"end":{"line":396,"column":28}},"400":{"start":{"line":401,"column":0},"end":{"line":401,"column":3}},"403":{"start":{"line":404,"column":0},"end":{"line":404,"column":64}},"404":{"start":{"line":405,"column":0},"end":{"line":405,"column":19}},"405":{"start":{"line":406,"column":0},"end":{"line":406,"column":68}},"406":{"start":{"line":407,"column":0},"end":{"line":407,"column":19}},"407":{"start":{"line":408,"column":0},"end":{"line":408,"column":98}},"409":{"start":{"line":410,"column":0},"end":{"line":410,"column":34}},"410":{"start":{"line":411,"column":0},"end":{"line":411,"column":79}},"411":{"start":{"line":412,"column":0},"end":{"line":412,"column":21}},"412":{"start":{"line":413,"column":0},"end":{"line":413,"column":81}},"413":{"start":{"line":414,"column":0},"end":{"line":414,"column":5}},"415":{"start":{"line":416,"column":0},"end":{"line":416,"column":34}},"416":{"start":{"line":417,"column":0},"end":{"line":417,"column":80}},"417":{"start":{"line":418,"column":0},"end":{"line":418,"column":21}},"418":{"start":{"line":419,"column":0},"end":{"line":419,"column":73}},"419":{"start":{"line":420,"column":0},"end":{"line":420,"column":5}},"421":{"start":{"line":422,"column":0},"end":{"line":422,"column":30}},"422":{"start":{"line":423,"column":0},"end":{"line":423,"column":72}},"423":{"start":{"line":424,"column":0},"end":{"line":424,"column":78}},"424":{"start":{"line":425,"column":0},"end":{"line":425,"column":5}},"425":{"start":{"line":426,"column":0},"end":{"line":426,"column":3}},"427":{"start":{"line":428,"column":0},"end":{"line":428,"column":7}},"428":{"start":{"line":429,"column":0},"end":{"line":429,"column":75}},"429":{"start":{"line":430,"column":0},"end":{"line":430,"column":21}},"430":{"start":{"line":431,"column":0},"end":{"line":431,"column":16}},"431":{"start":{"line":432,"column":0},"end":{"line":432,"column":56}},"432":{"start":{"line":433,"column":0},"end":{"line":433,"column":42}},"433":{"start":{"line":434,"column":0},"end":{"line":434,"column":43}},"434":{"start":{"line":435,"column":0},"end":{"line":435,"column":8}},"435":{"start":{"line":436,"column":0},"end":{"line":436,"column":28}},"436":{"start":{"line":437,"column":0},"end":{"line":437,"column":42}},"437":{"start":{"line":438,"column":0},"end":{"line":438,"column":25}},"438":{"start":{"line":439,"column":0},"end":{"line":439,"column":19}},"439":{"start":{"line":440,"column":0},"end":{"line":440,"column":11}},"440":{"start":{"line":441,"column":0},"end":{"line":441,"column":25}},"441":{"start":{"line":442,"column":0},"end":{"line":442,"column":34}},"442":{"start":{"line":443,"column":0},"end":{"line":443,"column":12}},"443":{"start":{"line":444,"column":0},"end":{"line":444,"column":10}},"444":{"start":{"line":445,"column":0},"end":{"line":445,"column":9}},"445":{"start":{"line":446,"column":0},"end":{"line":446,"column":7}},"447":{"start":{"line":448,"column":0},"end":{"line":448,"column":23}},"448":{"start":{"line":449,"column":0},"end":{"line":449,"column":46}},"449":{"start":{"line":450,"column":0},"end":{"line":450,"column":45}},"450":{"start":{"line":451,"column":0},"end":{"line":451,"column":16}},"451":{"start":{"line":452,"column":0},"end":{"line":452,"column":32}},"452":{"start":{"line":453,"column":0},"end":{"line":453,"column":67}},"453":{"start":{"line":454,"column":0},"end":{"line":454,"column":5}},"455":{"start":{"line":456,"column":0},"end":{"line":456,"column":39}},"456":{"start":{"line":457,"column":0},"end":{"line":457,"column":47}},"459":{"start":{"line":460,"column":0},"end":{"line":460,"column":8}},"460":{"start":{"line":461,"column":0},"end":{"line":461,"column":56}},"461":{"start":{"line":462,"column":0},"end":{"line":462,"column":61}},"462":{"start":{"line":463,"column":0},"end":{"line":463,"column":52}},"463":{"start":{"line":464,"column":0},"end":{"line":464,"column":7}},"464":{"start":{"line":465,"column":0},"end":{"line":465,"column":19}},"465":{"start":{"line":466,"column":0},"end":{"line":466,"column":68}},"466":{"start":{"line":467,"column":0},"end":{"line":467,"column":8}},"467":{"start":{"line":468,"column":0},"end":{"line":468,"column":5}},"469":{"start":{"line":470,"column":0},"end":{"line":470,"column":49}},"470":{"start":{"line":471,"column":0},"end":{"line":471,"column":19}},"471":{"start":{"line":472,"column":0},"end":{"line":472,"column":42}},"472":{"start":{"line":473,"column":0},"end":{"line":473,"column":7}},"473":{"start":{"line":474,"column":0},"end":{"line":474,"column":18}},"474":{"start":{"line":475,"column":0},"end":{"line":475,"column":72}},"475":{"start":{"line":476,"column":0},"end":{"line":476,"column":3}},"476":{"start":{"line":477,"column":0},"end":{"line":477,"column":3}},"478":{"start":{"line":479,"column":0},"end":{"line":479,"column":57}},"479":{"start":{"line":480,"column":0},"end":{"line":480,"column":30}},"481":{"start":{"line":482,"column":0},"end":{"line":482,"column":69}},"483":{"start":{"line":484,"column":0},"end":{"line":484,"column":16}},"484":{"start":{"line":485,"column":0},"end":{"line":485,"column":40}},"485":{"start":{"line":486,"column":0},"end":{"line":486,"column":65}},"486":{"start":{"line":487,"column":0},"end":{"line":487,"column":3}},"488":{"start":{"line":489,"column":0},"end":{"line":489,"column":116}},"490":{"start":{"line":491,"column":0},"end":{"line":491,"column":44}},"540":{"start":{"line":541,"column":0},"end":{"line":541,"column":7}},"541":{"start":{"line":542,"column":0},"end":{"line":542,"column":66}},"543":{"start":{"line":544,"column":0},"end":{"line":544,"column":75}},"544":{"start":{"line":545,"column":0},"end":{"line":545,"column":21}},"545":{"start":{"line":546,"column":0},"end":{"line":546,"column":16}},"546":{"start":{"line":547,"column":0},"end":{"line":547,"column":56}},"547":{"start":{"line":548,"column":0},"end":{"line":548,"column":42}},"548":{"start":{"line":549,"column":0},"end":{"line":549,"column":43}},"549":{"start":{"line":550,"column":0},"end":{"line":550,"column":8}},"550":{"start":{"line":551,"column":0},"end":{"line":551,"column":28}},"551":{"start":{"line":552,"column":0},"end":{"line":552,"column":42}},"552":{"start":{"line":553,"column":0},"end":{"line":553,"column":25}},"553":{"start":{"line":554,"column":0},"end":{"line":554,"column":19}},"554":{"start":{"line":555,"column":0},"end":{"line":555,"column":11}},"555":{"start":{"line":556,"column":0},"end":{"line":556,"column":25}},"556":{"start":{"line":557,"column":0},"end":{"line":557,"column":34}},"557":{"start":{"line":558,"column":0},"end":{"line":558,"column":12}},"558":{"start":{"line":559,"column":0},"end":{"line":559,"column":10}},"559":{"start":{"line":560,"column":0},"end":{"line":560,"column":9}},"560":{"start":{"line":561,"column":0},"end":{"line":561,"column":7}},"562":{"start":{"line":563,"column":0},"end":{"line":563,"column":67}},"564":{"start":{"line":565,"column":0},"end":{"line":565,"column":23}},"565":{"start":{"line":566,"column":0},"end":{"line":566,"column":46}},"566":{"start":{"line":567,"column":0},"end":{"line":567,"column":54}},"567":{"start":{"line":568,"column":0},"end":{"line":568,"column":16}},"568":{"start":{"line":569,"column":0},"end":{"line":569,"column":32}},"569":{"start":{"line":570,"column":0},"end":{"line":570,"column":67}},"570":{"start":{"line":571,"column":0},"end":{"line":571,"column":5}},"572":{"start":{"line":573,"column":0},"end":{"line":573,"column":39}},"573":{"start":{"line":574,"column":0},"end":{"line":574,"column":45}},"575":{"start":{"line":576,"column":0},"end":{"line":576,"column":80}},"578":{"start":{"line":579,"column":0},"end":{"line":579,"column":33}},"579":{"start":{"line":580,"column":0},"end":{"line":580,"column":33}},"580":{"start":{"line":581,"column":0},"end":{"line":581,"column":29}},"581":{"start":{"line":582,"column":0},"end":{"line":582,"column":14}},"583":{"start":{"line":584,"column":0},"end":{"line":584,"column":52}},"585":{"start":{"line":586,"column":0},"end":{"line":586,"column":16}},"586":{"start":{"line":587,"column":0},"end":{"line":587,"column":41}},"587":{"start":{"line":588,"column":0},"end":{"line":588,"column":38}},"588":{"start":{"line":589,"column":0},"end":{"line":589,"column":17}},"589":{"start":{"line":590,"column":0},"end":{"line":590,"column":6}},"591":{"start":{"line":592,"column":0},"end":{"line":592,"column":28}},"592":{"start":{"line":593,"column":0},"end":{"line":593,"column":19}},"593":{"start":{"line":594,"column":0},"end":{"line":594,"column":44}},"594":{"start":{"line":595,"column":0},"end":{"line":595,"column":7}},"595":{"start":{"line":596,"column":0},"end":{"line":596,"column":18}},"596":{"start":{"line":597,"column":0},"end":{"line":597,"column":72}},"597":{"start":{"line":598,"column":0},"end":{"line":598,"column":3}},"598":{"start":{"line":599,"column":0},"end":{"line":599,"column":3}},"601":{"start":{"line":602,"column":0},"end":{"line":602,"column":27}},"602":{"start":{"line":603,"column":0},"end":{"line":603,"column":18}},"603":{"start":{"line":604,"column":0},"end":{"line":604,"column":16}},"604":{"start":{"line":605,"column":0},"end":{"line":605,"column":15}},"605":{"start":{"line":606,"column":0},"end":{"line":606,"column":12}},"606":{"start":{"line":607,"column":0},"end":{"line":607,"column":3}},"607":{"start":{"line":608,"column":0},"end":{"line":608,"column":52}},"610":{"start":{"line":611,"column":0},"end":{"line":611,"column":31}},"611":{"start":{"line":612,"column":0},"end":{"line":612,"column":15}},"612":{"start":{"line":613,"column":0},"end":{"line":613,"column":12}},"613":{"start":{"line":614,"column":0},"end":{"line":614,"column":12}},"614":{"start":{"line":615,"column":0},"end":{"line":615,"column":14}},"615":{"start":{"line":616,"column":0},"end":{"line":616,"column":12}},"616":{"start":{"line":617,"column":0},"end":{"line":617,"column":13}},"617":{"start":{"line":618,"column":0},"end":{"line":618,"column":16}},"618":{"start":{"line":619,"column":0},"end":{"line":619,"column":10}},"619":{"start":{"line":620,"column":0},"end":{"line":620,"column":14}},"620":{"start":{"line":621,"column":0},"end":{"line":621,"column":15}},"621":{"start":{"line":622,"column":0},"end":{"line":622,"column":11}},"622":{"start":{"line":623,"column":0},"end":{"line":623,"column":11}},"623":{"start":{"line":624,"column":0},"end":{"line":624,"column":11}},"624":{"start":{"line":625,"column":0},"end":{"line":625,"column":13}},"625":{"start":{"line":626,"column":0},"end":{"line":626,"column":10}},"626":{"start":{"line":627,"column":0},"end":{"line":627,"column":15}},"627":{"start":{"line":628,"column":0},"end":{"line":628,"column":12}},"628":{"start":{"line":629,"column":0},"end":{"line":629,"column":11}},"629":{"start":{"line":630,"column":0},"end":{"line":630,"column":11}},"630":{"start":{"line":631,"column":0},"end":{"line":631,"column":17}},"631":{"start":{"line":632,"column":0},"end":{"line":632,"column":12}},"632":{"start":{"line":633,"column":0},"end":{"line":633,"column":13}},"633":{"start":{"line":634,"column":0},"end":{"line":634,"column":15}},"634":{"start":{"line":635,"column":0},"end":{"line":635,"column":12}},"635":{"start":{"line":636,"column":0},"end":{"line":636,"column":12}},"636":{"start":{"line":637,"column":0},"end":{"line":637,"column":14}},"637":{"start":{"line":638,"column":0},"end":{"line":638,"column":15}},"638":{"start":{"line":639,"column":0},"end":{"line":639,"column":12}},"639":{"start":{"line":640,"column":0},"end":{"line":640,"column":18}},"640":{"start":{"line":641,"column":0},"end":{"line":641,"column":16}},"641":{"start":{"line":642,"column":0},"end":{"line":642,"column":4}},"643":{"start":{"line":644,"column":0},"end":{"line":644,"column":76}},"644":{"start":{"line":645,"column":0},"end":{"line":645,"column":16}},"645":{"start":{"line":646,"column":0},"end":{"line":646,"column":3}},"648":{"start":{"line":649,"column":0},"end":{"line":649,"column":6}},"649":{"start":{"line":650,"column":0},"end":{"line":650,"column":34}},"650":{"start":{"line":651,"column":0},"end":{"line":651,"column":35}},"651":{"start":{"line":652,"column":0},"end":{"line":652,"column":34}},"652":{"start":{"line":653,"column":0},"end":{"line":653,"column":32}},"653":{"start":{"line":654,"column":0},"end":{"line":654,"column":5}},"654":{"start":{"line":655,"column":0},"end":{"line":655,"column":16}},"655":{"start":{"line":656,"column":0},"end":{"line":656,"column":3}},"658":{"start":{"line":659,"column":0},"end":{"line":659,"column":28}},"659":{"start":{"line":660,"column":0},"end":{"line":660,"column":14}},"660":{"start":{"line":661,"column":0},"end":{"line":661,"column":11}},"661":{"start":{"line":662,"column":0},"end":{"line":662,"column":11}},"662":{"start":{"line":663,"column":0},"end":{"line":663,"column":18}},"663":{"start":{"line":664,"column":0},"end":{"line":664,"column":16}},"664":{"start":{"line":665,"column":0},"end":{"line":665,"column":14}},"665":{"start":{"line":666,"column":0},"end":{"line":666,"column":4}},"666":{"start":{"line":667,"column":0},"end":{"line":667,"column":6}},"667":{"start":{"line":668,"column":0},"end":{"line":668,"column":37}},"668":{"start":{"line":669,"column":0},"end":{"line":669,"column":50}},"669":{"start":{"line":670,"column":0},"end":{"line":670,"column":5}},"670":{"start":{"line":671,"column":0},"end":{"line":671,"column":5}},"671":{"start":{"line":672,"column":0},"end":{"line":672,"column":16}},"672":{"start":{"line":673,"column":0},"end":{"line":673,"column":3}},"675":{"start":{"line":676,"column":0},"end":{"line":676,"column":6}},"676":{"start":{"line":677,"column":0},"end":{"line":677,"column":67}},"677":{"start":{"line":678,"column":0},"end":{"line":678,"column":33}},"678":{"start":{"line":679,"column":0},"end":{"line":679,"column":5}},"679":{"start":{"line":680,"column":0},"end":{"line":680,"column":16}},"680":{"start":{"line":681,"column":0},"end":{"line":681,"column":3}},"683":{"start":{"line":684,"column":0},"end":{"line":684,"column":24}},"684":{"start":{"line":685,"column":0},"end":{"line":685,"column":71}},"685":{"start":{"line":686,"column":0},"end":{"line":686,"column":43}},"686":{"start":{"line":687,"column":0},"end":{"line":687,"column":16}},"687":{"start":{"line":688,"column":0},"end":{"line":688,"column":3}},"689":{"start":{"line":690,"column":0},"end":{"line":690,"column":15}},"690":{"start":{"line":691,"column":0},"end":{"line":691,"column":1}},"692":{"start":{"line":693,"column":0},"end":{"line":693,"column":66}},"693":{"start":{"line":694,"column":0},"end":{"line":694,"column":70}},"694":{"start":{"line":695,"column":0},"end":{"line":695,"column":62}},"697":{"start":{"line":698,"column":0},"end":{"line":698,"column":63}},"698":{"start":{"line":699,"column":0},"end":{"line":699,"column":14}},"699":{"start":{"line":700,"column":0},"end":{"line":700,"column":67}},"700":{"start":{"line":701,"column":0},"end":{"line":701,"column":76}},"701":{"start":{"line":702,"column":0},"end":{"line":702,"column":33}},"702":{"start":{"line":703,"column":0},"end":{"line":703,"column":33}},"703":{"start":{"line":704,"column":0},"end":{"line":704,"column":40}},"704":{"start":{"line":705,"column":0},"end":{"line":705,"column":7}},"705":{"start":{"line":706,"column":0},"end":{"line":706,"column":3}},"707":{"start":{"line":708,"column":0},"end":{"line":708,"column":9}},"708":{"start":{"line":709,"column":0},"end":{"line":709,"column":20}},"709":{"start":{"line":710,"column":0},"end":{"line":710,"column":18}},"710":{"start":{"line":711,"column":0},"end":{"line":711,"column":17}},"711":{"start":{"line":712,"column":0},"end":{"line":712,"column":15}},"712":{"start":{"line":713,"column":0},"end":{"line":713,"column":23}},"713":{"start":{"line":714,"column":0},"end":{"line":714,"column":12}},"715":{"start":{"line":716,"column":0},"end":{"line":716,"column":14}},"716":{"start":{"line":717,"column":0},"end":{"line":717,"column":45}},"717":{"start":{"line":718,"column":0},"end":{"line":718,"column":40}},"718":{"start":{"line":719,"column":0},"end":{"line":719,"column":4}},"721":{"start":{"line":722,"column":0},"end":{"line":722,"column":23}},"722":{"start":{"line":723,"column":0},"end":{"line":723,"column":46}},"723":{"start":{"line":724,"column":0},"end":{"line":724,"column":55}},"724":{"start":{"line":725,"column":0},"end":{"line":725,"column":44}},"727":{"start":{"line":728,"column":0},"end":{"line":728,"column":42}},"728":{"start":{"line":729,"column":0},"end":{"line":729,"column":20}},"729":{"start":{"line":730,"column":0},"end":{"line":730,"column":18}},"730":{"start":{"line":731,"column":0},"end":{"line":731,"column":17}},"731":{"start":{"line":732,"column":0},"end":{"line":732,"column":14}},"732":{"start":{"line":733,"column":0},"end":{"line":733,"column":4}},"734":{"start":{"line":735,"column":0},"end":{"line":735,"column":15}},"736":{"start":{"line":737,"column":0},"end":{"line":737,"column":22}},"738":{"start":{"line":739,"column":0},"end":{"line":739,"column":92}},"741":{"start":{"line":742,"column":0},"end":{"line":742,"column":53}},"743":{"start":{"line":744,"column":0},"end":{"line":744,"column":34}},"744":{"start":{"line":745,"column":0},"end":{"line":745,"column":45}},"745":{"start":{"line":746,"column":0},"end":{"line":746,"column":32}},"747":{"start":{"line":748,"column":0},"end":{"line":748,"column":46}},"750":{"start":{"line":751,"column":0},"end":{"line":751,"column":236}},"759":{"start":{"line":760,"column":0},"end":{"line":760,"column":160}},"783":{"start":{"line":784,"column":0},"end":{"line":784,"column":10}},"785":{"start":{"line":786,"column":0},"end":{"line":786,"column":24}},"786":{"start":{"line":787,"column":0},"end":{"line":787,"column":199}},"789":{"start":{"line":790,"column":0},"end":{"line":790,"column":20}},"792":{"start":{"line":793,"column":0},"end":{"line":793,"column":18}},"795":{"start":{"line":796,"column":0},"end":{"line":796,"column":17}},"798":{"start":{"line":799,"column":0},"end":{"line":799,"column":13}},"801":{"start":{"line":802,"column":0},"end":{"line":802,"column":23}},"829":{"start":{"line":830,"column":0},"end":{"line":830,"column":12}},"830":{"start":{"line":831,"column":0},"end":{"line":831,"column":127}},"833":{"start":{"line":834,"column":0},"end":{"line":834,"column":20}},"836":{"start":{"line":837,"column":0},"end":{"line":837,"column":18}},"839":{"start":{"line":840,"column":0},"end":{"line":840,"column":17}},"842":{"start":{"line":843,"column":0},"end":{"line":843,"column":13}},"845":{"start":{"line":846,"column":0},"end":{"line":846,"column":23}},"872":{"start":{"line":873,"column":0},"end":{"line":873,"column":5}},"873":{"start":{"line":874,"column":0},"end":{"line":874,"column":3}},"875":{"start":{"line":876,"column":0},"end":{"line":876,"column":7}},"876":{"start":{"line":877,"column":0},"end":{"line":877,"column":72}},"877":{"start":{"line":878,"column":0},"end":{"line":878,"column":16}},"878":{"start":{"line":879,"column":0},"end":{"line":879,"column":17}},"879":{"start":{"line":880,"column":0},"end":{"line":880,"column":65}},"880":{"start":{"line":881,"column":0},"end":{"line":881,"column":6}},"882":{"start":{"line":883,"column":0},"end":{"line":883,"column":75}},"883":{"start":{"line":884,"column":0},"end":{"line":884,"column":21}},"884":{"start":{"line":885,"column":0},"end":{"line":885,"column":16}},"885":{"start":{"line":886,"column":0},"end":{"line":886,"column":56}},"886":{"start":{"line":887,"column":0},"end":{"line":887,"column":42}},"887":{"start":{"line":888,"column":0},"end":{"line":888,"column":43}},"888":{"start":{"line":889,"column":0},"end":{"line":889,"column":8}},"889":{"start":{"line":890,"column":0},"end":{"line":890,"column":28}},"890":{"start":{"line":891,"column":0},"end":{"line":891,"column":42}},"891":{"start":{"line":892,"column":0},"end":{"line":892,"column":25}},"892":{"start":{"line":893,"column":0},"end":{"line":893,"column":19}},"893":{"start":{"line":894,"column":0},"end":{"line":894,"column":11}},"894":{"start":{"line":895,"column":0},"end":{"line":895,"column":25}},"895":{"start":{"line":896,"column":0},"end":{"line":896,"column":30}},"896":{"start":{"line":897,"column":0},"end":{"line":897,"column":12}},"897":{"start":{"line":898,"column":0},"end":{"line":898,"column":10}},"898":{"start":{"line":899,"column":0},"end":{"line":899,"column":9}},"899":{"start":{"line":900,"column":0},"end":{"line":900,"column":7}},"901":{"start":{"line":902,"column":0},"end":{"line":902,"column":67}},"903":{"start":{"line":904,"column":0},"end":{"line":904,"column":23}},"904":{"start":{"line":905,"column":0},"end":{"line":905,"column":46}},"905":{"start":{"line":906,"column":0},"end":{"line":906,"column":54}},"906":{"start":{"line":907,"column":0},"end":{"line":907,"column":16}},"907":{"start":{"line":908,"column":0},"end":{"line":908,"column":32}},"908":{"start":{"line":909,"column":0},"end":{"line":909,"column":67}},"909":{"start":{"line":910,"column":0},"end":{"line":910,"column":5}},"911":{"start":{"line":912,"column":0},"end":{"line":912,"column":39}},"912":{"start":{"line":913,"column":0},"end":{"line":913,"column":47}},"914":{"start":{"line":915,"column":0},"end":{"line":915,"column":16}},"915":{"start":{"line":916,"column":0},"end":{"line":916,"column":32}},"916":{"start":{"line":917,"column":0},"end":{"line":917,"column":43}},"917":{"start":{"line":918,"column":0},"end":{"line":918,"column":6}},"920":{"start":{"line":921,"column":0},"end":{"line":921,"column":37}},"921":{"start":{"line":922,"column":0},"end":{"line":922,"column":33}},"922":{"start":{"line":923,"column":0},"end":{"line":923,"column":29}},"923":{"start":{"line":924,"column":0},"end":{"line":924,"column":14}},"925":{"start":{"line":926,"column":0},"end":{"line":926,"column":52}},"927":{"start":{"line":928,"column":0},"end":{"line":928,"column":16}},"928":{"start":{"line":929,"column":0},"end":{"line":929,"column":43}},"929":{"start":{"line":930,"column":0},"end":{"line":930,"column":25}},"930":{"start":{"line":931,"column":0},"end":{"line":931,"column":19}},"931":{"start":{"line":932,"column":0},"end":{"line":932,"column":6}},"933":{"start":{"line":934,"column":0},"end":{"line":934,"column":14}},"934":{"start":{"line":935,"column":0},"end":{"line":935,"column":18}},"935":{"start":{"line":936,"column":0},"end":{"line":936,"column":76}},"936":{"start":{"line":937,"column":0},"end":{"line":937,"column":7}},"937":{"start":{"line":938,"column":0},"end":{"line":938,"column":19}},"938":{"start":{"line":939,"column":0},"end":{"line":939,"column":44}},"939":{"start":{"line":940,"column":0},"end":{"line":940,"column":7}},"940":{"start":{"line":941,"column":0},"end":{"line":941,"column":18}},"941":{"start":{"line":942,"column":0},"end":{"line":942,"column":72}},"942":{"start":{"line":943,"column":0},"end":{"line":943,"column":3}},"943":{"start":{"line":944,"column":0},"end":{"line":944,"column":3}},"945":{"start":{"line":946,"column":0},"end":{"line":946,"column":61}},"947":{"start":{"line":948,"column":0},"end":{"line":948,"column":69}},"948":{"start":{"line":949,"column":0},"end":{"line":949,"column":14}},"949":{"start":{"line":950,"column":0},"end":{"line":950,"column":33}},"950":{"start":{"line":951,"column":0},"end":{"line":951,"column":33}},"951":{"start":{"line":952,"column":0},"end":{"line":952,"column":40}},"952":{"start":{"line":953,"column":0},"end":{"line":953,"column":7}},"953":{"start":{"line":954,"column":0},"end":{"line":954,"column":3}},"955":{"start":{"line":956,"column":0},"end":{"line":956,"column":63}},"957":{"start":{"line":958,"column":0},"end":{"line":958,"column":71}},"960":{"start":{"line":961,"column":0},"end":{"line":961,"column":23}},"961":{"start":{"line":962,"column":0},"end":{"line":962,"column":46}},"962":{"start":{"line":963,"column":0},"end":{"line":963,"column":55}},"963":{"start":{"line":964,"column":0},"end":{"line":964,"column":44}},"965":{"start":{"line":966,"column":0},"end":{"line":966,"column":148}},"968":{"start":{"line":969,"column":0},"end":{"line":969,"column":20}},"971":{"start":{"line":972,"column":0},"end":{"line":972,"column":18}},"974":{"start":{"line":975,"column":0},"end":{"line":975,"column":32}},"981":{"start":{"line":982,"column":0},"end":{"line":982,"column":179}},"993":{"start":{"line":994,"column":0},"end":{"line":994,"column":7}},"994":{"start":{"line":995,"column":0},"end":{"line":995,"column":67}},"996":{"start":{"line":997,"column":0},"end":{"line":997,"column":75}},"997":{"start":{"line":998,"column":0},"end":{"line":998,"column":21}},"998":{"start":{"line":999,"column":0},"end":{"line":999,"column":16}},"999":{"start":{"line":1000,"column":0},"end":{"line":1000,"column":56}},"1000":{"start":{"line":1001,"column":0},"end":{"line":1001,"column":42}},"1001":{"start":{"line":1002,"column":0},"end":{"line":1002,"column":43}},"1002":{"start":{"line":1003,"column":0},"end":{"line":1003,"column":8}},"1003":{"start":{"line":1004,"column":0},"end":{"line":1004,"column":28}},"1004":{"start":{"line":1005,"column":0},"end":{"line":1005,"column":42}},"1005":{"start":{"line":1006,"column":0},"end":{"line":1006,"column":25}},"1006":{"start":{"line":1007,"column":0},"end":{"line":1007,"column":19}},"1007":{"start":{"line":1008,"column":0},"end":{"line":1008,"column":11}},"1008":{"start":{"line":1009,"column":0},"end":{"line":1009,"column":25}},"1009":{"start":{"line":1010,"column":0},"end":{"line":1010,"column":30}},"1010":{"start":{"line":1011,"column":0},"end":{"line":1011,"column":12}},"1011":{"start":{"line":1012,"column":0},"end":{"line":1012,"column":10}},"1012":{"start":{"line":1013,"column":0},"end":{"line":1013,"column":9}},"1013":{"start":{"line":1014,"column":0},"end":{"line":1014,"column":7}},"1015":{"start":{"line":1016,"column":0},"end":{"line":1016,"column":67}},"1017":{"start":{"line":1018,"column":0},"end":{"line":1018,"column":23}},"1018":{"start":{"line":1019,"column":0},"end":{"line":1019,"column":46}},"1019":{"start":{"line":1020,"column":0},"end":{"line":1020,"column":54}},"1020":{"start":{"line":1021,"column":0},"end":{"line":1021,"column":16}},"1021":{"start":{"line":1022,"column":0},"end":{"line":1022,"column":32}},"1022":{"start":{"line":1023,"column":0},"end":{"line":1023,"column":67}},"1023":{"start":{"line":1024,"column":0},"end":{"line":1024,"column":5}},"1025":{"start":{"line":1026,"column":0},"end":{"line":1026,"column":39}},"1026":{"start":{"line":1027,"column":0},"end":{"line":1027,"column":47}},"1028":{"start":{"line":1029,"column":0},"end":{"line":1029,"column":16}},"1029":{"start":{"line":1030,"column":0},"end":{"line":1030,"column":32}},"1030":{"start":{"line":1031,"column":0},"end":{"line":1031,"column":43}},"1031":{"start":{"line":1032,"column":0},"end":{"line":1032,"column":6}},"1034":{"start":{"line":1035,"column":0},"end":{"line":1035,"column":37}},"1035":{"start":{"line":1036,"column":0},"end":{"line":1036,"column":33}},"1036":{"start":{"line":1037,"column":0},"end":{"line":1037,"column":29}},"1037":{"start":{"line":1038,"column":0},"end":{"line":1038,"column":14}},"1039":{"start":{"line":1040,"column":0},"end":{"line":1040,"column":52}},"1041":{"start":{"line":1042,"column":0},"end":{"line":1042,"column":16}},"1042":{"start":{"line":1043,"column":0},"end":{"line":1043,"column":50}},"1043":{"start":{"line":1044,"column":0},"end":{"line":1044,"column":25}},"1044":{"start":{"line":1045,"column":0},"end":{"line":1045,"column":19}},"1045":{"start":{"line":1046,"column":0},"end":{"line":1046,"column":6}},"1047":{"start":{"line":1048,"column":0},"end":{"line":1048,"column":30}},"1048":{"start":{"line":1049,"column":0},"end":{"line":1049,"column":19}},"1049":{"start":{"line":1050,"column":0},"end":{"line":1050,"column":44}},"1050":{"start":{"line":1051,"column":0},"end":{"line":1051,"column":7}},"1051":{"start":{"line":1052,"column":0},"end":{"line":1052,"column":18}},"1052":{"start":{"line":1053,"column":0},"end":{"line":1053,"column":72}},"1053":{"start":{"line":1054,"column":0},"end":{"line":1054,"column":3}},"1054":{"start":{"line":1055,"column":0},"end":{"line":1055,"column":3}},"1056":{"start":{"line":1057,"column":0},"end":{"line":1057,"column":58}},"1058":{"start":{"line":1059,"column":0},"end":{"line":1059,"column":64}},"1059":{"start":{"line":1060,"column":0},"end":{"line":1060,"column":14}},"1060":{"start":{"line":1061,"column":0},"end":{"line":1061,"column":33}},"1061":{"start":{"line":1062,"column":0},"end":{"line":1062,"column":33}},"1062":{"start":{"line":1063,"column":0},"end":{"line":1063,"column":40}},"1063":{"start":{"line":1064,"column":0},"end":{"line":1064,"column":7}},"1064":{"start":{"line":1065,"column":0},"end":{"line":1065,"column":3}},"1066":{"start":{"line":1067,"column":0},"end":{"line":1067,"column":74}},"1067":{"start":{"line":1068,"column":0},"end":{"line":1068,"column":10}},"1069":{"start":{"line":1070,"column":0},"end":{"line":1070,"column":51}},"1070":{"start":{"line":1071,"column":0},"end":{"line":1071,"column":46}},"1071":{"start":{"line":1072,"column":0},"end":{"line":1072,"column":56}},"1072":{"start":{"line":1073,"column":0},"end":{"line":1073,"column":56}},"1075":{"start":{"line":1076,"column":0},"end":{"line":1076,"column":188}},"1077":{"start":{"line":1078,"column":0},"end":{"line":1078,"column":39}},"1078":{"start":{"line":1079,"column":0},"end":{"line":1079,"column":41}},"1079":{"start":{"line":1080,"column":0},"end":{"line":1080,"column":28}},"1082":{"start":{"line":1083,"column":0},"end":{"line":1083,"column":32}},"1093":{"start":{"line":1094,"column":0},"end":{"line":1094,"column":42}},"1110":{"start":{"line":1111,"column":0},"end":{"line":1111,"column":7}},"1111":{"start":{"line":1112,"column":0},"end":{"line":1112,"column":71}},"1113":{"start":{"line":1114,"column":0},"end":{"line":1114,"column":75}},"1114":{"start":{"line":1115,"column":0},"end":{"line":1115,"column":21}},"1115":{"start":{"line":1116,"column":0},"end":{"line":1116,"column":16}},"1116":{"start":{"line":1117,"column":0},"end":{"line":1117,"column":56}},"1117":{"start":{"line":1118,"column":0},"end":{"line":1118,"column":42}},"1118":{"start":{"line":1119,"column":0},"end":{"line":1119,"column":43}},"1119":{"start":{"line":1120,"column":0},"end":{"line":1120,"column":8}},"1120":{"start":{"line":1121,"column":0},"end":{"line":1121,"column":28}},"1121":{"start":{"line":1122,"column":0},"end":{"line":1122,"column":42}},"1122":{"start":{"line":1123,"column":0},"end":{"line":1123,"column":25}},"1123":{"start":{"line":1124,"column":0},"end":{"line":1124,"column":19}},"1124":{"start":{"line":1125,"column":0},"end":{"line":1125,"column":11}},"1125":{"start":{"line":1126,"column":0},"end":{"line":1126,"column":25}},"1126":{"start":{"line":1127,"column":0},"end":{"line":1127,"column":30}},"1127":{"start":{"line":1128,"column":0},"end":{"line":1128,"column":12}},"1128":{"start":{"line":1129,"column":0},"end":{"line":1129,"column":10}},"1129":{"start":{"line":1130,"column":0},"end":{"line":1130,"column":9}},"1130":{"start":{"line":1131,"column":0},"end":{"line":1131,"column":7}},"1132":{"start":{"line":1133,"column":0},"end":{"line":1133,"column":67}},"1134":{"start":{"line":1135,"column":0},"end":{"line":1135,"column":23}},"1135":{"start":{"line":1136,"column":0},"end":{"line":1136,"column":46}},"1136":{"start":{"line":1137,"column":0},"end":{"line":1137,"column":54}},"1137":{"start":{"line":1138,"column":0},"end":{"line":1138,"column":16}},"1138":{"start":{"line":1139,"column":0},"end":{"line":1139,"column":32}},"1139":{"start":{"line":1140,"column":0},"end":{"line":1140,"column":67}},"1140":{"start":{"line":1141,"column":0},"end":{"line":1141,"column":5}},"1142":{"start":{"line":1143,"column":0},"end":{"line":1143,"column":39}},"1143":{"start":{"line":1144,"column":0},"end":{"line":1144,"column":42}},"1145":{"start":{"line":1146,"column":0},"end":{"line":1146,"column":77}},"1148":{"start":{"line":1149,"column":0},"end":{"line":1149,"column":27}},"1149":{"start":{"line":1150,"column":0},"end":{"line":1150,"column":33}},"1150":{"start":{"line":1151,"column":0},"end":{"line":1151,"column":29}},"1151":{"start":{"line":1152,"column":0},"end":{"line":1152,"column":14}},"1153":{"start":{"line":1154,"column":0},"end":{"line":1154,"column":42}},"1155":{"start":{"line":1156,"column":0},"end":{"line":1156,"column":16}},"1156":{"start":{"line":1157,"column":0},"end":{"line":1157,"column":41}},"1157":{"start":{"line":1158,"column":0},"end":{"line":1158,"column":42}},"1158":{"start":{"line":1159,"column":0},"end":{"line":1159,"column":30}},"1159":{"start":{"line":1160,"column":0},"end":{"line":1160,"column":6}},"1161":{"start":{"line":1162,"column":0},"end":{"line":1162,"column":21}},"1162":{"start":{"line":1163,"column":0},"end":{"line":1163,"column":19}},"1163":{"start":{"line":1164,"column":0},"end":{"line":1164,"column":44}},"1164":{"start":{"line":1165,"column":0},"end":{"line":1165,"column":7}},"1165":{"start":{"line":1166,"column":0},"end":{"line":1166,"column":18}},"1166":{"start":{"line":1167,"column":0},"end":{"line":1167,"column":72}},"1167":{"start":{"line":1168,"column":0},"end":{"line":1168,"column":3}},"1168":{"start":{"line":1169,"column":0},"end":{"line":1169,"column":3}},"1170":{"start":{"line":1171,"column":0},"end":{"line":1171,"column":63}},"1172":{"start":{"line":1173,"column":0},"end":{"line":1173,"column":71}},"1173":{"start":{"line":1174,"column":0},"end":{"line":1174,"column":14}},"1174":{"start":{"line":1175,"column":0},"end":{"line":1175,"column":33}},"1175":{"start":{"line":1176,"column":0},"end":{"line":1176,"column":33}},"1176":{"start":{"line":1177,"column":0},"end":{"line":1177,"column":40}},"1177":{"start":{"line":1178,"column":0},"end":{"line":1178,"column":7}},"1178":{"start":{"line":1179,"column":0},"end":{"line":1179,"column":3}},"1180":{"start":{"line":1181,"column":0},"end":{"line":1181,"column":64}},"1182":{"start":{"line":1183,"column":0},"end":{"line":1183,"column":66}},"1184":{"start":{"line":1185,"column":0},"end":{"line":1185,"column":26}},"1185":{"start":{"line":1186,"column":0},"end":{"line":1186,"column":81}},"1187":{"start":{"line":1188,"column":0},"end":{"line":1188,"column":54}},"1188":{"start":{"line":1189,"column":0},"end":{"line":1189,"column":59}},"1189":{"start":{"line":1190,"column":0},"end":{"line":1190,"column":43}},"1200":{"start":{"line":1201,"column":0},"end":{"line":1201,"column":78}},"1202":{"start":{"line":1203,"column":0},"end":{"line":1203,"column":54}},"1203":{"start":{"line":1204,"column":0},"end":{"line":1204,"column":59}},"1204":{"start":{"line":1205,"column":0},"end":{"line":1205,"column":43}},"1215":{"start":{"line":1216,"column":0},"end":{"line":1216,"column":81}},"1217":{"start":{"line":1218,"column":0},"end":{"line":1218,"column":54}},"1218":{"start":{"line":1219,"column":0},"end":{"line":1219,"column":59}},"1219":{"start":{"line":1220,"column":0},"end":{"line":1220,"column":43}},"1230":{"start":{"line":1231,"column":0},"end":{"line":1231,"column":72}},"1232":{"start":{"line":1233,"column":0},"end":{"line":1233,"column":54}},"1233":{"start":{"line":1234,"column":0},"end":{"line":1234,"column":59}},"1234":{"start":{"line":1235,"column":0},"end":{"line":1235,"column":43}},"1245":{"start":{"line":1246,"column":0},"end":{"line":1246,"column":76}},"1247":{"start":{"line":1248,"column":0},"end":{"line":1248,"column":54}},"1248":{"start":{"line":1249,"column":0},"end":{"line":1249,"column":59}},"1249":{"start":{"line":1250,"column":0},"end":{"line":1250,"column":43}},"1260":{"start":{"line":1261,"column":0},"end":{"line":1261,"column":74}},"1262":{"start":{"line":1263,"column":0},"end":{"line":1263,"column":54}},"1263":{"start":{"line":1264,"column":0},"end":{"line":1264,"column":59}},"1264":{"start":{"line":1265,"column":0},"end":{"line":1265,"column":43}},"1275":{"start":{"line":1276,"column":0},"end":{"line":1276,"column":75}},"1277":{"start":{"line":1278,"column":0},"end":{"line":1278,"column":54}},"1278":{"start":{"line":1279,"column":0},"end":{"line":1279,"column":59}},"1279":{"start":{"line":1280,"column":0},"end":{"line":1280,"column":43}},"1289":{"start":{"line":1290,"column":0},"end":{"line":1290,"column":4}},"1291":{"start":{"line":1292,"column":0},"end":{"line":1292,"column":77}},"1293":{"start":{"line":1294,"column":0},"end":{"line":1294,"column":37}},"1317":{"start":{"line":1318,"column":0},"end":{"line":1318,"column":7}},"1318":{"start":{"line":1319,"column":0},"end":{"line":1319,"column":69}},"1320":{"start":{"line":1321,"column":0},"end":{"line":1321,"column":75}},"1321":{"start":{"line":1322,"column":0},"end":{"line":1322,"column":21}},"1322":{"start":{"line":1323,"column":0},"end":{"line":1323,"column":16}},"1323":{"start":{"line":1324,"column":0},"end":{"line":1324,"column":56}},"1324":{"start":{"line":1325,"column":0},"end":{"line":1325,"column":42}},"1325":{"start":{"line":1326,"column":0},"end":{"line":1326,"column":43}},"1326":{"start":{"line":1327,"column":0},"end":{"line":1327,"column":8}},"1327":{"start":{"line":1328,"column":0},"end":{"line":1328,"column":28}},"1328":{"start":{"line":1329,"column":0},"end":{"line":1329,"column":42}},"1329":{"start":{"line":1330,"column":0},"end":{"line":1330,"column":25}},"1330":{"start":{"line":1331,"column":0},"end":{"line":1331,"column":19}},"1331":{"start":{"line":1332,"column":0},"end":{"line":1332,"column":11}},"1332":{"start":{"line":1333,"column":0},"end":{"line":1333,"column":25}},"1333":{"start":{"line":1334,"column":0},"end":{"line":1334,"column":32}},"1334":{"start":{"line":1335,"column":0},"end":{"line":1335,"column":12}},"1335":{"start":{"line":1336,"column":0},"end":{"line":1336,"column":10}},"1336":{"start":{"line":1337,"column":0},"end":{"line":1337,"column":9}},"1337":{"start":{"line":1338,"column":0},"end":{"line":1338,"column":7}},"1339":{"start":{"line":1340,"column":0},"end":{"line":1340,"column":67}},"1341":{"start":{"line":1342,"column":0},"end":{"line":1342,"column":23}},"1342":{"start":{"line":1343,"column":0},"end":{"line":1343,"column":46}},"1343":{"start":{"line":1344,"column":0},"end":{"line":1344,"column":54}},"1344":{"start":{"line":1345,"column":0},"end":{"line":1345,"column":16}},"1345":{"start":{"line":1346,"column":0},"end":{"line":1346,"column":32}},"1346":{"start":{"line":1347,"column":0},"end":{"line":1347,"column":67}},"1347":{"start":{"line":1348,"column":0},"end":{"line":1348,"column":5}},"1349":{"start":{"line":1350,"column":0},"end":{"line":1350,"column":39}},"1350":{"start":{"line":1351,"column":0},"end":{"line":1351,"column":47}},"1352":{"start":{"line":1353,"column":0},"end":{"line":1353,"column":16}},"1353":{"start":{"line":1354,"column":0},"end":{"line":1354,"column":32}},"1354":{"start":{"line":1355,"column":0},"end":{"line":1355,"column":43}},"1355":{"start":{"line":1356,"column":0},"end":{"line":1356,"column":6}},"1357":{"start":{"line":1358,"column":0},"end":{"line":1358,"column":37}},"1358":{"start":{"line":1359,"column":0},"end":{"line":1359,"column":33}},"1359":{"start":{"line":1360,"column":0},"end":{"line":1360,"column":29}},"1360":{"start":{"line":1361,"column":0},"end":{"line":1361,"column":14}},"1362":{"start":{"line":1363,"column":0},"end":{"line":1363,"column":52}},"1364":{"start":{"line":1365,"column":0},"end":{"line":1365,"column":16}},"1365":{"start":{"line":1366,"column":0},"end":{"line":1366,"column":52}},"1366":{"start":{"line":1367,"column":0},"end":{"line":1367,"column":25}},"1367":{"start":{"line":1368,"column":0},"end":{"line":1368,"column":19}},"1368":{"start":{"line":1369,"column":0},"end":{"line":1369,"column":6}},"1370":{"start":{"line":1371,"column":0},"end":{"line":1371,"column":30}},"1371":{"start":{"line":1372,"column":0},"end":{"line":1372,"column":19}},"1372":{"start":{"line":1373,"column":0},"end":{"line":1373,"column":44}},"1373":{"start":{"line":1374,"column":0},"end":{"line":1374,"column":7}},"1374":{"start":{"line":1375,"column":0},"end":{"line":1375,"column":18}},"1375":{"start":{"line":1376,"column":0},"end":{"line":1376,"column":72}},"1376":{"start":{"line":1377,"column":0},"end":{"line":1377,"column":3}},"1377":{"start":{"line":1378,"column":0},"end":{"line":1378,"column":3}},"1380":{"start":{"line":1381,"column":0},"end":{"line":1381,"column":38}},"1381":{"start":{"line":1382,"column":0},"end":{"line":1382,"column":26}},"1382":{"start":{"line":1383,"column":0},"end":{"line":1383,"column":71}},"1383":{"start":{"line":1384,"column":0},"end":{"line":1384,"column":5}},"1384":{"start":{"line":1385,"column":0},"end":{"line":1385,"column":1}},"1387":{"start":{"line":1388,"column":0},"end":{"line":1388,"column":19}}},"s":{"0":1,"1":1,"2":1,"3":1,"4":1,"5":1,"12":1,"14":1,"17":1,"18":1,"19":0,"20":0,"21":0,"22":0,"23":0,"24":0,"25":0,"27":1,"28":1,"29":1,"32":0,"33":0,"34":0,"36":0,"37":0,"38":0,"39":0,"40":0,"41":0,"42":0,"43":0,"44":0,"45":0,"46":0,"47":0,"48":0,"49":0,"50":0,"51":0,"52":0,"53":0,"54":0,"55":0,"57":0,"59":0,"60":0,"61":0,"62":0,"64":0,"65":0,"66":0,"67":0,"68":0,"69":0,"70":0,"71":0,"72":0,"75":1,"78":1,"79":0,"80":0,"81":0,"82":0,"83":0,"85":0,"86":0,"87":0,"88":0,"89":0,"91":0,"92":0,"95":1,"96":1,"97":1,"98":1,"99":0,"100":1,"101":1,"102":1,"103":1,"105":1,"107":1,"108":18,"109":18,"112":18,"113":18,"114":5,"115":5,"116":5,"117":5,"118":5,"119":5,"120":5,"122":13,"124":13,"126":18,"127":1,"143":1,"148":18,"149":1,"175":1,"180":12,"181":1,"207":1,"212":11,"213":1,"215":1,"367":10,"369":9,"395":9,"400":9,"403":18,"404":1,"405":1,"406":1,"407":1,"409":1,"410":1,"411":1,"412":1,"413":1,"415":1,"416":1,"417":1,"418":1,"419":1,"421":1,"422":1,"423":1,"424":1,"425":1,"427":13,"428":13,"429":13,"430":13,"431":13,"432":13,"433":13,"434":13,"435":13,"436":13,"437":13,"438":13,"439":13,"440":13,"441":13,"442":13,"443":13,"444":13,"445":13,"447":18,"448":1,"449":1,"450":1,"451":1,"452":1,"453":1,"455":11,"456":11,"459":11,"460":11,"461":11,"462":11,"463":18,"464":0,"465":0,"466":0,"467":0,"469":11,"470":18,"471":1,"472":1,"473":1,"474":1,"475":1,"476":18,"478":1,"479":5,"481":5,"483":5,"484":2,"485":2,"486":2,"488":3,"490":3,"540":3,"541":3,"543":3,"544":3,"545":3,"546":3,"547":3,"548":3,"549":3,"550":3,"551":3,"552":3,"553":3,"554":3,"555":3,"556":3,"557":3,"558":3,"559":3,"560":3,"562":3,"564":5,"565":1,"566":1,"567":1,"568":1,"569":1,"570":1,"572":2,"573":2,"575":2,"578":2,"579":2,"580":2,"581":2,"583":2,"585":2,"586":2,"587":2,"588":5,"589":5,"591":5,"592":5,"593":0,"594":0,"595":0,"596":0,"597":0,"598":5,"601":6,"602":6,"603":6,"604":6,"605":6,"606":6,"607":6,"610":6,"611":6,"612":6,"613":6,"614":6,"615":6,"616":6,"617":6,"618":6,"619":6,"620":6,"621":6,"622":6,"623":6,"624":6,"625":6,"626":6,"627":6,"628":6,"629":6,"630":6,"631":6,"632":6,"633":6,"634":6,"635":6,"636":6,"637":6,"638":6,"639":6,"640":6,"641":6,"643":6,"644":2,"645":2,"648":4,"649":4,"650":3,"651":3,"652":3,"653":6,"654":1,"655":1,"658":3,"659":3,"660":3,"661":3,"662":3,"663":3,"664":3,"665":3,"666":3,"667":3,"668":13,"669":3,"670":6,"671":1,"672":1,"675":2,"676":6,"677":1,"678":6,"679":0,"680":0,"683":2,"684":2,"685":6,"686":0,"687":0,"689":2,"690":2,"692":1,"693":8,"694":8,"697":8,"698":8,"699":2,"700":2,"701":2,"702":2,"703":2,"704":2,"705":2,"707":6,"708":6,"709":6,"710":6,"711":6,"712":6,"713":6,"715":6,"716":6,"717":6,"718":6,"721":6,"722":6,"723":5,"724":5,"727":8,"728":8,"729":8,"730":8,"731":8,"732":8,"734":8,"736":8,"738":4,"741":4,"743":4,"744":4,"745":4,"747":4,"750":4,"759":4,"783":8,"785":2,"786":1,"789":1,"792":1,"795":1,"798":1,"801":1,"829":1,"830":1,"833":1,"836":1,"839":1,"842":1,"845":1,"872":1,"873":2,"875":6,"876":6,"877":6,"878":6,"879":8,"880":8,"882":8,"883":8,"884":8,"885":8,"886":8,"887":8,"888":8,"889":8,"890":8,"891":8,"892":8,"893":8,"894":8,"895":8,"896":8,"897":8,"898":8,"899":8,"901":6,"903":8,"904":0,"905":0,"906":0,"907":0,"908":0,"909":0,"911":6,"912":6,"914":6,"915":6,"916":6,"917":6,"920":6,"921":6,"922":6,"923":6,"925":6,"927":6,"928":6,"929":6,"930":6,"931":6,"933":6,"934":6,"935":6,"936":6,"937":8,"938":0,"939":0,"940":0,"941":0,"942":0,"943":8,"945":1,"947":3,"948":3,"949":2,"950":2,"951":2,"952":2,"953":2,"955":1,"957":1,"960":1,"961":1,"962":1,"963":1,"965":3,"968":3,"971":3,"974":3,"981":3,"993":3,"994":3,"996":3,"997":3,"998":3,"999":3,"1000":3,"1001":3,"1002":3,"1003":3,"1004":3,"1005":3,"1006":3,"1007":3,"1008":3,"1009":3,"1010":3,"1011":3,"1012":3,"1013":3,"1015":1,"1017":3,"1018":0,"1019":0,"1020":0,"1021":0,"1022":0,"1023":0,"1025":1,"1026":1,"1028":1,"1029":1,"1030":1,"1031":1,"1034":1,"1035":1,"1036":1,"1037":1,"1039":1,"1041":1,"1042":1,"1043":1,"1044":1,"1045":1,"1047":1,"1048":3,"1049":0,"1050":0,"1051":0,"1052":0,"1053":0,"1054":3,"1056":1,"1058":3,"1059":3,"1060":1,"1061":1,"1062":1,"1063":1,"1064":1,"1066":2,"1067":2,"1069":2,"1070":2,"1071":3,"1072":3,"1075":3,"1077":3,"1078":3,"1079":3,"1082":3,"1093":3,"1110":3,"1111":3,"1113":3,"1114":3,"1115":3,"1116":3,"1117":3,"1118":3,"1119":3,"1120":3,"1121":3,"1122":3,"1123":3,"1124":3,"1125":3,"1126":3,"1127":3,"1128":3,"1129":3,"1130":3,"1132":2,"1134":3,"1135":0,"1136":0,"1137":0,"1138":0,"1139":0,"1140":0,"1142":2,"1143":2,"1145":2,"1148":2,"1149":2,"1150":2,"1151":2,"1153":2,"1155":2,"1156":2,"1157":3,"1158":3,"1159":3,"1161":3,"1162":3,"1163":0,"1164":0,"1165":0,"1166":0,"1167":0,"1168":3,"1170":1,"1172":9,"1173":9,"1174":2,"1175":2,"1176":2,"1177":2,"1178":2,"1180":7,"1182":7,"1184":7,"1185":7,"1187":9,"1188":9,"1189":9,"1200":9,"1202":9,"1203":9,"1204":9,"1215":9,"1217":9,"1218":9,"1219":9,"1230":9,"1232":9,"1233":9,"1234":9,"1245":9,"1247":9,"1248":9,"1249":9,"1260":9,"1262":9,"1263":9,"1264":9,"1275":9,"1277":9,"1278":9,"1279":9,"1289":9,"1291":9,"1293":9,"1317":9,"1318":9,"1320":9,"1321":9,"1322":9,"1323":9,"1324":9,"1325":9,"1326":9,"1327":9,"1328":9,"1329":9,"1330":9,"1331":9,"1332":9,"1333":9,"1334":9,"1335":9,"1336":9,"1337":9,"1339":7,"1341":9,"1342":0,"1343":0,"1344":0,"1345":0,"1346":0,"1347":0,"1349":7,"1350":7,"1352":7,"1353":7,"1354":7,"1355":7,"1357":7,"1358":7,"1359":7,"1360":7,"1362":7,"1364":7,"1365":7,"1366":7,"1367":7,"1368":7,"1370":7,"1371":9,"1372":0,"1373":0,"1374":0,"1375":0,"1376":0,"1377":9,"1380":1,"1381":0,"1382":0,"1383":0,"1384":0,"1387":1},"branchMap":{"0":{"type":"branch","line":20,"loc":{"start":{"line":20,"column":0},"end":{"line":26,"column":1}},"locations":[{"start":{"line":20,"column":0},"end":{"line":26,"column":1}}]},"1":{"type":"branch","line":79,"loc":{"start":{"line":79,"column":37},"end":{"line":93,"column":1}},"locations":[{"start":{"line":79,"column":37},"end":{"line":93,"column":1}}]},"2":{"type":"branch","line":99,"loc":{"start":{"line":99,"column":31},"end":{"line":100,"column":64}},"locations":[{"start":{"line":99,"column":31},"end":{"line":100,"column":64}}]},"3":{"type":"branch","line":1381,"loc":{"start":{"line":1381,"column":37},"end":{"line":1385,"column":1}},"locations":[{"start":{"line":1381,"column":37},"end":{"line":1385,"column":1}}]},"4":{"type":"branch","line":108,"loc":{"start":{"line":108,"column":26},"end":{"line":477,"column":3}},"locations":[{"start":{"line":108,"column":26},"end":{"line":477,"column":3}}]},"5":{"type":"branch","line":114,"loc":{"start":{"line":114,"column":13},"end":{"line":121,"column":3}},"locations":[{"start":{"line":114,"column":13},"end":{"line":121,"column":3}}]},"6":{"type":"branch","line":121,"loc":{"start":{"line":121,"column":2},"end":{"line":127,"column":28}},"locations":[{"start":{"line":121,"column":2},"end":{"line":127,"column":28}}]},"7":{"type":"branch","line":127,"loc":{"start":{"line":127,"column":28},"end":{"line":149,"column":13}},"locations":[{"start":{"line":127,"column":28},"end":{"line":149,"column":13}}]},"8":{"type":"branch","line":149,"loc":{"start":{"line":149,"column":2},"end":{"line":401,"column":3}},"locations":[{"start":{"line":149,"column":2},"end":{"line":401,"column":3}}]},"9":{"type":"branch","line":149,"loc":{"start":{"line":149,"column":34},"end":{"line":181,"column":13}},"locations":[{"start":{"line":149,"column":34},"end":{"line":181,"column":13}}]},"10":{"type":"branch","line":181,"loc":{"start":{"line":181,"column":2},"end":{"line":401,"column":3}},"locations":[{"start":{"line":181,"column":2},"end":{"line":401,"column":3}}]},"11":{"type":"branch","line":181,"loc":{"start":{"line":181,"column":34},"end":{"line":213,"column":13}},"locations":[{"start":{"line":181,"column":34},"end":{"line":213,"column":13}}]},"12":{"type":"branch","line":213,"loc":{"start":{"line":213,"column":2},"end":{"line":401,"column":3}},"locations":[{"start":{"line":213,"column":2},"end":{"line":401,"column":3}}]},"13":{"type":"branch","line":213,"loc":{"start":{"line":213,"column":31},"end":{"line":368,"column":9}},"locations":[{"start":{"line":213,"column":31},"end":{"line":368,"column":9}}]},"14":{"type":"branch","line":368,"loc":{"start":{"line":368,"column":2},"end":{"line":401,"column":3}},"locations":[{"start":{"line":368,"column":2},"end":{"line":401,"column":3}}]},"15":{"type":"branch","line":401,"loc":{"start":{"line":401,"column":2},"end":{"line":404,"column":17}},"locations":[{"start":{"line":401,"column":2},"end":{"line":404,"column":17}}]},"16":{"type":"branch","line":404,"loc":{"start":{"line":404,"column":6},"end":{"line":404,"column":63}},"locations":[{"start":{"line":404,"column":6},"end":{"line":404,"column":63}}]},"17":{"type":"branch","line":404,"loc":{"start":{"line":404,"column":63},"end":{"line":426,"column":3}},"locations":[{"start":{"line":404,"column":63},"end":{"line":426,"column":3}}]},"18":{"type":"branch","line":426,"loc":{"start":{"line":426,"column":2},"end":{"line":446,"column":7}},"locations":[{"start":{"line":426,"column":2},"end":{"line":446,"column":7}}]},"19":{"type":"branch","line":446,"loc":{"start":{"line":446,"column":5},"end":{"line":448,"column":22}},"locations":[{"start":{"line":446,"column":5},"end":{"line":448,"column":22}}]},"20":{"type":"branch","line":448,"loc":{"start":{"line":448,"column":22},"end":{"line":454,"column":5}},"locations":[{"start":{"line":448,"column":22},"end":{"line":454,"column":5}}]},"21":{"type":"branch","line":454,"loc":{"start":{"line":454,"column":4},"end":{"line":462,"column":61}},"locations":[{"start":{"line":454,"column":4},"end":{"line":462,"column":61}}]},"22":{"type":"branch","line":462,"loc":{"start":{"line":462,"column":57},"end":{"line":463,"column":52}},"locations":[{"start":{"line":462,"column":57},"end":{"line":463,"column":52}}]},"23":{"type":"branch","line":464,"loc":{"start":{"line":464,"column":6},"end":{"line":468,"column":5}},"locations":[{"start":{"line":464,"column":6},"end":{"line":468,"column":5}}]},"24":{"type":"branch","line":468,"loc":{"start":{"line":468,"column":4},"end":{"line":471,"column":11}},"locations":[{"start":{"line":468,"column":4},"end":{"line":471,"column":11}}]},"25":{"type":"branch","line":471,"loc":{"start":{"line":471,"column":2},"end":{"line":476,"column":3}},"locations":[{"start":{"line":471,"column":2},"end":{"line":476,"column":3}}]},"26":{"type":"branch","line":404,"loc":{"start":{"line":404,"column":43},"end":{"line":404,"column":60}},"locations":[{"start":{"line":404,"column":43},"end":{"line":404,"column":60}}]},"27":{"type":"branch","line":479,"loc":{"start":{"line":479,"column":36},"end":{"line":599,"column":3}},"locations":[{"start":{"line":479,"column":36},"end":{"line":599,"column":3}}]},"28":{"type":"branch","line":484,"loc":{"start":{"line":484,"column":15},"end":{"line":487,"column":3}},"locations":[{"start":{"line":484,"column":15},"end":{"line":487,"column":3}}]},"29":{"type":"branch","line":487,"loc":{"start":{"line":487,"column":2},"end":{"line":565,"column":22}},"locations":[{"start":{"line":487,"column":2},"end":{"line":565,"column":22}}]},"30":{"type":"branch","line":565,"loc":{"start":{"line":565,"column":22},"end":{"line":571,"column":5}},"locations":[{"start":{"line":565,"column":22},"end":{"line":571,"column":5}}]},"31":{"type":"branch","line":571,"loc":{"start":{"line":571,"column":4},"end":{"line":588,"column":38}},"locations":[{"start":{"line":571,"column":4},"end":{"line":588,"column":38}}]},"32":{"type":"branch","line":593,"loc":{"start":{"line":593,"column":2},"end":{"line":598,"column":3}},"locations":[{"start":{"line":593,"column":2},"end":{"line":598,"column":3}}]},"33":{"type":"branch","line":602,"loc":{"start":{"line":602,"column":0},"end":{"line":691,"column":1}},"locations":[{"start":{"line":602,"column":0},"end":{"line":691,"column":1}}]},"34":{"type":"branch","line":644,"loc":{"start":{"line":644,"column":34},"end":{"line":644,"column":75}},"locations":[{"start":{"line":644,"column":34},"end":{"line":644,"column":75}}]},"35":{"type":"branch","line":644,"loc":{"start":{"line":644,"column":75},"end":{"line":646,"column":3}},"locations":[{"start":{"line":644,"column":75},"end":{"line":646,"column":3}}]},"36":{"type":"branch","line":646,"loc":{"start":{"line":646,"column":2},"end":{"line":650,"column":34}},"locations":[{"start":{"line":646,"column":2},"end":{"line":650,"column":34}}]},"37":{"type":"branch","line":650,"loc":{"start":{"line":650,"column":30},"end":{"line":651,"column":35}},"locations":[{"start":{"line":650,"column":30},"end":{"line":651,"column":35}}]},"38":{"type":"branch","line":651,"loc":{"start":{"line":651,"column":31},"end":{"line":652,"column":34}},"locations":[{"start":{"line":651,"column":31},"end":{"line":652,"column":34}}]},"39":{"type":"branch","line":652,"loc":{"start":{"line":652,"column":30},"end":{"line":653,"column":32}},"locations":[{"start":{"line":652,"column":30},"end":{"line":653,"column":32}}]},"40":{"type":"branch","line":654,"loc":{"start":{"line":654,"column":4},"end":{"line":656,"column":3}},"locations":[{"start":{"line":654,"column":4},"end":{"line":656,"column":3}}]},"41":{"type":"branch","line":656,"loc":{"start":{"line":656,"column":2},"end":{"line":670,"column":5}},"locations":[{"start":{"line":656,"column":2},"end":{"line":670,"column":5}}]},"42":{"type":"branch","line":671,"loc":{"start":{"line":671,"column":4},"end":{"line":673,"column":3}},"locations":[{"start":{"line":671,"column":4},"end":{"line":673,"column":3}}]},"43":{"type":"branch","line":673,"loc":{"start":{"line":673,"column":2},"end":{"line":677,"column":36}},"locations":[{"start":{"line":673,"column":2},"end":{"line":677,"column":36}}]},"44":{"type":"branch","line":677,"loc":{"start":{"line":677,"column":31},"end":{"line":677,"column":67}},"locations":[{"start":{"line":677,"column":31},"end":{"line":677,"column":67}}]},"45":{"type":"branch","line":677,"loc":{"start":{"line":677,"column":62},"end":{"line":678,"column":33}},"locations":[{"start":{"line":677,"column":62},"end":{"line":678,"column":33}}]},"46":{"type":"branch","line":679,"loc":{"start":{"line":679,"column":4},"end":{"line":681,"column":3}},"locations":[{"start":{"line":679,"column":4},"end":{"line":681,"column":3}}]},"47":{"type":"branch","line":681,"loc":{"start":{"line":681,"column":2},"end":{"line":686,"column":42}},"locations":[{"start":{"line":681,"column":2},"end":{"line":686,"column":42}}]},"48":{"type":"branch","line":686,"loc":{"start":{"line":686,"column":42},"end":{"line":688,"column":3}},"locations":[{"start":{"line":686,"column":42},"end":{"line":688,"column":3}}]},"49":{"type":"branch","line":688,"loc":{"start":{"line":688,"column":2},"end":{"line":691,"column":1}},"locations":[{"start":{"line":688,"column":2},"end":{"line":691,"column":1}}]},"50":{"type":"branch","line":668,"loc":{"start":{"line":668,"column":26},"end":{"line":669,"column":50}},"locations":[{"start":{"line":668,"column":26},"end":{"line":669,"column":50}}]},"51":{"type":"branch","line":693,"loc":{"start":{"line":693,"column":45},"end":{"line":944,"column":3}},"locations":[{"start":{"line":693,"column":45},"end":{"line":944,"column":3}}]},"52":{"type":"branch","line":699,"loc":{"start":{"line":699,"column":13},"end":{"line":706,"column":3}},"locations":[{"start":{"line":699,"column":13},"end":{"line":706,"column":3}}]},"53":{"type":"branch","line":706,"loc":{"start":{"line":706,"column":2},"end":{"line":723,"column":46}},"locations":[{"start":{"line":706,"column":2},"end":{"line":723,"column":46}}]},"54":{"type":"branch","line":723,"loc":{"start":{"line":723,"column":42},"end":{"line":724,"column":55}},"locations":[{"start":{"line":723,"column":42},"end":{"line":724,"column":55}}]},"55":{"type":"branch","line":724,"loc":{"start":{"line":724,"column":51},"end":{"line":725,"column":44}},"locations":[{"start":{"line":724,"column":51},"end":{"line":725,"column":44}}]},"56":{"type":"branch","line":737,"loc":{"start":{"line":737,"column":21},"end":{"line":784,"column":9}},"locations":[{"start":{"line":737,"column":21},"end":{"line":784,"column":9}}]},"57":{"type":"branch","line":760,"loc":{"start":{"line":760,"column":2},"end":{"line":760,"column":98}},"locations":[{"start":{"line":760,"column":2},"end":{"line":760,"column":98}}]},"58":{"type":"branch","line":784,"loc":{"start":{"line":784,"column":2},"end":{"line":874,"column":3}},"locations":[{"start":{"line":784,"column":2},"end":{"line":874,"column":3}}]},"59":{"type":"branch","line":786,"loc":{"start":{"line":786,"column":23},"end":{"line":873,"column":5}},"locations":[{"start":{"line":786,"column":23},"end":{"line":873,"column":5}}]},"60":{"type":"branch","line":874,"loc":{"start":{"line":874,"column":2},"end":{"line":880,"column":22}},"locations":[{"start":{"line":874,"column":2},"end":{"line":880,"column":22}}]},"61":{"type":"branch","line":880,"loc":{"start":{"line":880,"column":6},"end":{"line":880,"column":44}},"locations":[{"start":{"line":880,"column":6},"end":{"line":880,"column":44}}]},"62":{"type":"branch","line":880,"loc":{"start":{"line":880,"column":22},"end":{"line":880,"column":65}},"locations":[{"start":{"line":880,"column":22},"end":{"line":880,"column":65}}]},"63":{"type":"branch","line":900,"loc":{"start":{"line":900,"column":5},"end":{"line":904,"column":22}},"locations":[{"start":{"line":900,"column":5},"end":{"line":904,"column":22}}]},"64":{"type":"branch","line":904,"loc":{"start":{"line":904,"column":22},"end":{"line":910,"column":5}},"locations":[{"start":{"line":904,"column":22},"end":{"line":910,"column":5}}]},"65":{"type":"branch","line":910,"loc":{"start":{"line":910,"column":4},"end":{"line":938,"column":11}},"locations":[{"start":{"line":910,"column":4},"end":{"line":938,"column":11}}]},"66":{"type":"branch","line":938,"loc":{"start":{"line":938,"column":2},"end":{"line":943,"column":3}},"locations":[{"start":{"line":938,"column":2},"end":{"line":943,"column":3}}]},"67":{"type":"branch","line":946,"loc":{"start":{"line":946,"column":40},"end":{"line":1055,"column":3}},"locations":[{"start":{"line":946,"column":40},"end":{"line":1055,"column":3}}]},"68":{"type":"branch","line":949,"loc":{"start":{"line":949,"column":13},"end":{"line":954,"column":3}},"locations":[{"start":{"line":949,"column":13},"end":{"line":954,"column":3}}]},"69":{"type":"branch","line":954,"loc":{"start":{"line":954,"column":2},"end":{"line":963,"column":55}},"locations":[{"start":{"line":954,"column":2},"end":{"line":963,"column":55}}]},"70":{"type":"branch","line":963,"loc":{"start":{"line":963,"column":51},"end":{"line":964,"column":44}},"locations":[{"start":{"line":963,"column":51},"end":{"line":964,"column":44}}]},"71":{"type":"branch","line":966,"loc":{"start":{"line":966,"column":32},"end":{"line":966,"column":119}},"locations":[{"start":{"line":966,"column":32},"end":{"line":966,"column":119}}]},"72":{"type":"branch","line":966,"loc":{"start":{"line":966,"column":48},"end":{"line":966,"column":146}},"locations":[{"start":{"line":966,"column":48},"end":{"line":966,"column":146}}]},"73":{"type":"branch","line":982,"loc":{"start":{"line":982,"column":2},"end":{"line":982,"column":122}},"locations":[{"start":{"line":982,"column":2},"end":{"line":982,"column":122}}]},"74":{"type":"branch","line":982,"loc":{"start":{"line":982,"column":18},"end":{"line":982,"column":178}},"locations":[{"start":{"line":982,"column":18},"end":{"line":982,"column":178}}]},"75":{"type":"branch","line":1014,"loc":{"start":{"line":1014,"column":5},"end":{"line":1018,"column":22}},"locations":[{"start":{"line":1014,"column":5},"end":{"line":1018,"column":22}}]},"76":{"type":"branch","line":1018,"loc":{"start":{"line":1018,"column":22},"end":{"line":1024,"column":5}},"locations":[{"start":{"line":1018,"column":22},"end":{"line":1024,"column":5}}]},"77":{"type":"branch","line":1024,"loc":{"start":{"line":1024,"column":4},"end":{"line":1049,"column":11}},"locations":[{"start":{"line":1024,"column":4},"end":{"line":1049,"column":11}}]},"78":{"type":"branch","line":1049,"loc":{"start":{"line":1049,"column":2},"end":{"line":1054,"column":3}},"locations":[{"start":{"line":1049,"column":2},"end":{"line":1054,"column":3}}]},"79":{"type":"branch","line":1057,"loc":{"start":{"line":1057,"column":37},"end":{"line":1169,"column":3}},"locations":[{"start":{"line":1057,"column":37},"end":{"line":1169,"column":3}}]},"80":{"type":"branch","line":1060,"loc":{"start":{"line":1060,"column":13},"end":{"line":1065,"column":3}},"locations":[{"start":{"line":1060,"column":13},"end":{"line":1065,"column":3}}]},"81":{"type":"branch","line":1065,"loc":{"start":{"line":1065,"column":2},"end":{"line":1072,"column":48}},"locations":[{"start":{"line":1065,"column":2},"end":{"line":1072,"column":48}}]},"82":{"type":"branch","line":1073,"loc":{"start":{"line":1073,"column":28},"end":{"line":1073,"column":48}},"locations":[{"start":{"line":1073,"column":28},"end":{"line":1073,"column":48}}]},"83":{"type":"branch","line":1079,"loc":{"start":{"line":1079,"column":18},"end":{"line":1079,"column":39}},"locations":[{"start":{"line":1079,"column":18},"end":{"line":1079,"column":39}}]},"84":{"type":"branch","line":1131,"loc":{"start":{"line":1131,"column":5},"end":{"line":1135,"column":22}},"locations":[{"start":{"line":1131,"column":5},"end":{"line":1135,"column":22}}]},"85":{"type":"branch","line":1135,"loc":{"start":{"line":1135,"column":22},"end":{"line":1141,"column":5}},"locations":[{"start":{"line":1135,"column":22},"end":{"line":1141,"column":5}}]},"86":{"type":"branch","line":1141,"loc":{"start":{"line":1141,"column":4},"end":{"line":1158,"column":29}},"locations":[{"start":{"line":1141,"column":4},"end":{"line":1158,"column":29}}]},"87":{"type":"branch","line":1158,"loc":{"start":{"line":1158,"column":13},"end":{"line":1158,"column":37}},"locations":[{"start":{"line":1158,"column":13},"end":{"line":1158,"column":37}}]},"88":{"type":"branch","line":1158,"loc":{"start":{"line":1158,"column":29},"end":{"line":1158,"column":42}},"locations":[{"start":{"line":1158,"column":29},"end":{"line":1158,"column":42}}]},"89":{"type":"branch","line":1163,"loc":{"start":{"line":1163,"column":2},"end":{"line":1168,"column":3}},"locations":[{"start":{"line":1163,"column":2},"end":{"line":1168,"column":3}}]},"90":{"type":"branch","line":1171,"loc":{"start":{"line":1171,"column":42},"end":{"line":1378,"column":3}},"locations":[{"start":{"line":1171,"column":42},"end":{"line":1378,"column":3}}]},"91":{"type":"branch","line":1174,"loc":{"start":{"line":1174,"column":13},"end":{"line":1179,"column":3}},"locations":[{"start":{"line":1174,"column":13},"end":{"line":1179,"column":3}}]},"92":{"type":"branch","line":1179,"loc":{"start":{"line":1179,"column":2},"end":{"line":1188,"column":22}},"locations":[{"start":{"line":1179,"column":2},"end":{"line":1188,"column":22}}]},"93":{"type":"branch","line":1188,"loc":{"start":{"line":1188,"column":11},"end":{"line":1188,"column":53}},"locations":[{"start":{"line":1188,"column":11},"end":{"line":1188,"column":53}}]},"94":{"type":"branch","line":1189,"loc":{"start":{"line":1189,"column":16},"end":{"line":1189,"column":58}},"locations":[{"start":{"line":1189,"column":16},"end":{"line":1189,"column":58}}]},"95":{"type":"branch","line":1190,"loc":{"start":{"line":1190,"column":17},"end":{"line":1190,"column":42}},"locations":[{"start":{"line":1190,"column":17},"end":{"line":1190,"column":42}}]},"96":{"type":"branch","line":1203,"loc":{"start":{"line":1203,"column":11},"end":{"line":1203,"column":53}},"locations":[{"start":{"line":1203,"column":11},"end":{"line":1203,"column":53}}]},"97":{"type":"branch","line":1204,"loc":{"start":{"line":1204,"column":16},"end":{"line":1204,"column":58}},"locations":[{"start":{"line":1204,"column":16},"end":{"line":1204,"column":58}}]},"98":{"type":"branch","line":1205,"loc":{"start":{"line":1205,"column":17},"end":{"line":1205,"column":42}},"locations":[{"start":{"line":1205,"column":17},"end":{"line":1205,"column":42}}]},"99":{"type":"branch","line":1218,"loc":{"start":{"line":1218,"column":11},"end":{"line":1218,"column":53}},"locations":[{"start":{"line":1218,"column":11},"end":{"line":1218,"column":53}}]},"100":{"type":"branch","line":1219,"loc":{"start":{"line":1219,"column":16},"end":{"line":1219,"column":58}},"locations":[{"start":{"line":1219,"column":16},"end":{"line":1219,"column":58}}]},"101":{"type":"branch","line":1220,"loc":{"start":{"line":1220,"column":17},"end":{"line":1220,"column":42}},"locations":[{"start":{"line":1220,"column":17},"end":{"line":1220,"column":42}}]},"102":{"type":"branch","line":1233,"loc":{"start":{"line":1233,"column":11},"end":{"line":1233,"column":53}},"locations":[{"start":{"line":1233,"column":11},"end":{"line":1233,"column":53}}]},"103":{"type":"branch","line":1234,"loc":{"start":{"line":1234,"column":16},"end":{"line":1234,"column":58}},"locations":[{"start":{"line":1234,"column":16},"end":{"line":1234,"column":58}}]},"104":{"type":"branch","line":1235,"loc":{"start":{"line":1235,"column":17},"end":{"line":1235,"column":42}},"locations":[{"start":{"line":1235,"column":17},"end":{"line":1235,"column":42}}]},"105":{"type":"branch","line":1248,"loc":{"start":{"line":1248,"column":11},"end":{"line":1248,"column":53}},"locations":[{"start":{"line":1248,"column":11},"end":{"line":1248,"column":53}}]},"106":{"type":"branch","line":1249,"loc":{"start":{"line":1249,"column":16},"end":{"line":1249,"column":58}},"locations":[{"start":{"line":1249,"column":16},"end":{"line":1249,"column":58}}]},"107":{"type":"branch","line":1250,"loc":{"start":{"line":1250,"column":17},"end":{"line":1250,"column":42}},"locations":[{"start":{"line":1250,"column":17},"end":{"line":1250,"column":42}}]},"108":{"type":"branch","line":1263,"loc":{"start":{"line":1263,"column":11},"end":{"line":1263,"column":53}},"locations":[{"start":{"line":1263,"column":11},"end":{"line":1263,"column":53}}]},"109":{"type":"branch","line":1264,"loc":{"start":{"line":1264,"column":16},"end":{"line":1264,"column":58}},"locations":[{"start":{"line":1264,"column":16},"end":{"line":1264,"column":58}}]},"110":{"type":"branch","line":1265,"loc":{"start":{"line":1265,"column":17},"end":{"line":1265,"column":42}},"locations":[{"start":{"line":1265,"column":17},"end":{"line":1265,"column":42}}]},"111":{"type":"branch","line":1278,"loc":{"start":{"line":1278,"column":11},"end":{"line":1278,"column":53}},"locations":[{"start":{"line":1278,"column":11},"end":{"line":1278,"column":53}}]},"112":{"type":"branch","line":1279,"loc":{"start":{"line":1279,"column":16},"end":{"line":1279,"column":58}},"locations":[{"start":{"line":1279,"column":16},"end":{"line":1279,"column":58}}]},"113":{"type":"branch","line":1280,"loc":{"start":{"line":1280,"column":17},"end":{"line":1280,"column":42}},"locations":[{"start":{"line":1280,"column":17},"end":{"line":1280,"column":42}}]},"114":{"type":"branch","line":1292,"loc":{"start":{"line":1292,"column":49},"end":{"line":1292,"column":77}},"locations":[{"start":{"line":1292,"column":49},"end":{"line":1292,"column":77}}]},"115":{"type":"branch","line":1338,"loc":{"start":{"line":1338,"column":5},"end":{"line":1342,"column":22}},"locations":[{"start":{"line":1338,"column":5},"end":{"line":1342,"column":22}}]},"116":{"type":"branch","line":1342,"loc":{"start":{"line":1342,"column":22},"end":{"line":1348,"column":5}},"locations":[{"start":{"line":1342,"column":22},"end":{"line":1348,"column":5}}]},"117":{"type":"branch","line":1348,"loc":{"start":{"line":1348,"column":4},"end":{"line":1372,"column":11}},"locations":[{"start":{"line":1348,"column":4},"end":{"line":1372,"column":11}}]},"118":{"type":"branch","line":1372,"loc":{"start":{"line":1372,"column":2},"end":{"line":1377,"column":3}},"locations":[{"start":{"line":1372,"column":2},"end":{"line":1377,"column":3}}]}},"b":{"0":[0],"1":[0],"2":[0],"3":[0],"4":[18],"5":[5],"6":[13],"7":[1],"8":[12],"9":[1],"10":[11],"11":[1],"12":[10],"13":[1],"14":[9],"15":[13],"16":[1],"17":[1],"18":[13],"19":[12],"20":[1],"21":[11],"22":[11],"23":[0],"24":[11],"25":[1],"26":[1],"27":[5],"28":[2],"29":[3],"30":[1],"31":[2],"32":[0],"33":[6],"34":[4],"35":[2],"36":[4],"37":[3],"38":[3],"39":[3],"40":[1],"41":[3],"42":[1],"43":[2],"44":[1],"45":[1],"46":[0],"47":[2],"48":[0],"49":[2],"50":[13],"51":[8],"52":[2],"53":[6],"54":[5],"55":[5],"56":[4],"57":[0],"58":[2],"59":[1],"60":[6],"61":[4],"62":[2],"63":[6],"64":[0],"65":[6],"66":[0],"67":[3],"68":[2],"69":[1],"70":[1],"71":[0],"72":[1],"73":[0],"74":[1],"75":[1],"76":[0],"77":[1],"78":[0],"79":[3],"80":[1],"81":[2],"82":[2],"83":[0],"84":[2],"85":[0],"86":[2],"87":[1],"88":[1],"89":[0],"90":[9],"91":[2],"92":[7],"93":[0],"94":[0],"95":[0],"96":[0],"97":[0],"98":[0],"99":[0],"100":[0],"101":[0],"102":[0],"103":[0],"104":[0],"105":[0],"106":[0],"107":[0],"108":[0],"109":[0],"110":[0],"111":[0],"112":[0],"113":[0],"114":[0],"115":[7],"116":[0],"117":[7],"118":[0]},"fnMap":{"0":{"name":"callClaudeAPI","decl":{"start":{"line":33,"column":0},"end":{"line":73,"column":1}},"loc":{"start":{"line":33,"column":0},"end":{"line":73,"column":1}},"line":33},"1":{"name":"detectPlaceholder","decl":{"start":{"line":602,"column":0},"end":{"line":691,"column":1}},"loc":{"start":{"line":602,"column":0},"end":{"line":691,"column":1}},"line":602}},"f":{"0":0,"1":6}}
,"/Users/bryceharmon/Desktop/prompt-builder/src/firebase.js": {"path":"/Users/bryceharmon/Desktop/prompt-builder/src/firebase.js","all":true,"statementMap":{"0":{"start":{"line":1,"column":0},"end":{"line":1,"column":45}},"19":{"start":{"line":20,"column":0},"end":{"line":20,"column":40}},"20":{"start":{"line":21,"column":0},"end":{"line":21,"column":24}},"21":{"start":{"line":22,"column":0},"end":{"line":22,"column":48}},"22":{"start":{"line":23,"column":0},"end":{"line":23,"column":56}},"23":{"start":{"line":24,"column":0},"end":{"line":24,"column":54}},"24":{"start":{"line":25,"column":0},"end":{"line":25,"column":62}},"25":{"start":{"line":26,"column":0},"end":{"line":26,"column":71}},"26":{"start":{"line":27,"column":0},"end":{"line":27,"column":46}},"27":{"start":{"line":28,"column":0},"end":{"line":28,"column":62}},"28":{"start":{"line":29,"column":0},"end":{"line":29,"column":2}},"30":{"start":{"line":31,"column":0},"end":{"line":31,"column":22}},"31":{"start":{"line":32,"column":0},"end":{"line":32,"column":42}},"32":{"start":{"line":33,"column":0},"end":{"line":33,"column":26}},"33":{"start":{"line":34,"column":0},"end":{"line":34,"column":29}},"34":{"start":{"line":35,"column":0},"end":{"line":35,"column":36}},"35":{"start":{"line":36,"column":0},"end":{"line":36,"column":48}},"37":{"start":{"line":38,"column":0},"end":{"line":38,"column":17}},"38":{"start":{"line":39,"column":0},"end":{"line":39,"column":45}},"39":{"start":{"line":40,"column":0},"end":{"line":40,"column":7}},"40":{"start":{"line":41,"column":0},"end":{"line":41,"column":63}},"41":{"start":{"line":42,"column":0},"end":{"line":42,"column":23}},"42":{"start":{"line":43,"column":0},"end":{"line":43,"column":19}},"43":{"start":{"line":44,"column":0},"end":{"line":44,"column":58}},"44":{"start":{"line":45,"column":0},"end":{"line":45,"column":16}},"45":{"start":{"line":46,"column":0},"end":{"line":46,"column":3}},"46":{"start":{"line":47,"column":0},"end":{"line":47,"column":2}},"48":{"start":{"line":49,"column":0},"end":{"line":49,"column":40}},"49":{"start":{"line":50,"column":0},"end":{"line":50,"column":7}},"50":{"start":{"line":51,"column":0},"end":{"line":51,"column":24}},"51":{"start":{"line":52,"column":0},"end":{"line":52,"column":19}},"52":{"start":{"line":53,"column":0},"end":{"line":53,"column":47}},"53":{"start":{"line":54,"column":0},"end":{"line":54,"column":16}},"54":{"start":{"line":55,"column":0},"end":{"line":55,"column":3}},"55":{"start":{"line":56,"column":0},"end":{"line":56,"column":2}},"57":{"start":{"line":58,"column":0},"end":{"line":58,"column":22}},"58":{"start":{"line":59,"column":0},"end":{"line":59,"column":68}},"59":{"start":{"line":60,"column":0},"end":{"line":60,"column":7}},"60":{"start":{"line":61,"column":0},"end":{"line":61,"column":60}},"61":{"start":{"line":62,"column":0},"end":{"line":62,"column":13}},"62":{"start":{"line":63,"column":0},"end":{"line":63,"column":20}},"63":{"start":{"line":64,"column":0},"end":{"line":64,"column":42}},"64":{"start":{"line":65,"column":0},"end":{"line":65,"column":7}},"65":{"start":{"line":66,"column":0},"end":{"line":66,"column":21}},"66":{"start":{"line":67,"column":0},"end":{"line":67,"column":19}},"67":{"start":{"line":68,"column":0},"end":{"line":68,"column":49}},"68":{"start":{"line":69,"column":0},"end":{"line":69,"column":16}},"69":{"start":{"line":70,"column":0},"end":{"line":70,"column":3}},"70":{"start":{"line":71,"column":0},"end":{"line":71,"column":2}},"72":{"start":{"line":73,"column":0},"end":{"line":73,"column":66}},"73":{"start":{"line":74,"column":0},"end":{"line":74,"column":7}},"74":{"start":{"line":75,"column":0},"end":{"line":75,"column":20}},"75":{"start":{"line":76,"column":0},"end":{"line":76,"column":32}},"76":{"start":{"line":77,"column":0},"end":{"line":77,"column":36}},"77":{"start":{"line":78,"column":0},"end":{"line":78,"column":35}},"78":{"start":{"line":79,"column":0},"end":{"line":79,"column":23}},"79":{"start":{"line":80,"column":0},"end":{"line":80,"column":6}},"80":{"start":{"line":81,"column":0},"end":{"line":81,"column":43}},"81":{"start":{"line":82,"column":0},"end":{"line":82,"column":45}},"82":{"start":{"line":83,"column":0},"end":{"line":83,"column":17}},"83":{"start":{"line":84,"column":0},"end":{"line":84,"column":20}},"84":{"start":{"line":85,"column":0},"end":{"line":85,"column":8}},"85":{"start":{"line":86,"column":0},"end":{"line":86,"column":19}},"86":{"start":{"line":87,"column":0},"end":{"line":87,"column":52}},"87":{"start":{"line":88,"column":0},"end":{"line":88,"column":16}},"88":{"start":{"line":89,"column":0},"end":{"line":89,"column":3}},"89":{"start":{"line":90,"column":0},"end":{"line":90,"column":2}}},"s":{"0":0,"19":0,"20":0,"21":0,"22":0,"23":0,"24":0,"25":0,"26":0,"27":0,"28":0,"30":0,"31":0,"32":0,"33":0,"34":0,"35":0,"37":0,"38":0,"39":0,"40":0,"41":0,"42":0,"43":0,"44":0,"45":0,"46":0,"48":0,"49":0,"50":0,"51":0,"52":0,"53":0,"54":0,"55":0,"57":0,"58":0,"59":0,"60":0,"61":0,"62":0,"63":0,"64":0,"65":0,"66":0,"67":0,"68":0,"69":0,"70":0,"72":0,"73":0,"74":0,"75":0,"76":0,"77":0,"78":0,"79":0,"80":0,"81":0,"82":0,"83":0,"84":0,"85":0,"86":0,"87":0,"88":0,"89":0},"branchMap":{"0":{"type":"branch","line":1,"loc":{"start":{"line":1,"column":0},"end":{"line":92,"column":-702}},"locations":[{"start":{"line":1,"column":0},"end":{"line":92,"column":-702}}]}},"b":{"0":[0]},"fnMap":{"0":{"name":"(empty-report)","decl":{"start":{"line":1,"column":0},"end":{"line":92,"column":-702}},"loc":{"start":{"line":1,"column":0},"end":{"line":92,"column":-702}},"line":1}},"f":{"0":0}}
,"/Users/bryceharmon/Desktop/prompt-builder/utils/validateEnv.js": {"path":"/Users/bryceharmon/Desktop/prompt-builder/utils/validateEnv.js","all":false,"statementMap":{"0":{"start":{"line":1,"column":0},"end":{"line":1,"column":31}},"1":{"start":{"line":2,"column":0},"end":{"line":2,"column":20}},"2":{"start":{"line":3,"column":0},"end":{"line":3,"column":29}},"3":{"start":{"line":4,"column":0},"end":{"line":4,"column":28}},"4":{"start":{"line":5,"column":0},"end":{"line":5,"column":31}},"5":{"start":{"line":6,"column":0},"end":{"line":6,"column":4}},"7":{"start":{"line":8,"column":0},"end":{"line":8,"column":62}},"9":{"start":{"line":10,"column":0},"end":{"line":10,"column":27}},"10":{"start":{"line":11,"column":0},"end":{"line":11,"column":20}},"11":{"start":{"line":12,"column":0},"end":{"line":12,"column":69}},"12":{"start":{"line":13,"column":0},"end":{"line":13,"column":6}},"13":{"start":{"line":14,"column":0},"end":{"line":14,"column":3}},"15":{"start":{"line":16,"column":0},"end":{"line":16,"column":42}},"16":{"start":{"line":17,"column":0},"end":{"line":17,"column":6}},"17":{"start":{"line":18,"column":0},"end":{"line":18,"column":41}},"18":{"start":{"line":19,"column":0},"end":{"line":19,"column":57}},"19":{"start":{"line":20,"column":0},"end":{"line":20,"column":5}},"20":{"start":{"line":21,"column":0},"end":{"line":21,"column":17}},"21":{"start":{"line":22,"column":0},"end":{"line":22,"column":87}},"22":{"start":{"line":23,"column":0},"end":{"line":23,"column":6}},"23":{"start":{"line":24,"column":0},"end":{"line":24,"column":3}},"25":{"start":{"line":26,"column":0},"end":{"line":26,"column":64}},"26":{"start":{"line":27,"column":0},"end":{"line":27,"column":1}}},"s":{"0":1,"1":1,"2":1,"3":1,"4":1,"5":1,"7":1,"9":1,"10":0,"11":0,"12":0,"13":0,"15":1,"16":1,"17":1,"18":1,"19":1,"20":0,"21":0,"22":0,"23":0,"25":1,"26":1},"branchMap":{"0":{"type":"branch","line":1,"loc":{"start":{"line":1,"column":7},"end":{"line":27,"column":1}},"locations":[{"start":{"line":1,"column":7},"end":{"line":27,"column":1}}]},"1":{"type":"branch","line":10,"loc":{"start":{"line":10,"column":26},"end":{"line":14,"column":3}},"locations":[{"start":{"line":10,"column":26},"end":{"line":14,"column":3}}]},"2":{"type":"branch","line":20,"loc":{"start":{"line":20,"column":4},"end":{"line":24,"column":3}},"locations":[{"start":{"line":20,"column":4},"end":{"line":24,"column":3}}]},"3":{"type":"branch","line":8,"loc":{"start":{"line":8,"column":34},"end":{"line":8,"column":60}},"locations":[{"start":{"line":8,"column":34},"end":{"line":8,"column":60}}]}},"b":{"0":[1],"1":[0],"2":[0],"3":[3]},"fnMap":{"0":{"name":"validateEnv","decl":{"start":{"line":1,"column":7},"end":{"line":27,"column":1}},"loc":{"start":{"line":1,"column":7},"end":{"line":27,"column":1}},"line":1}},"f":{"0":1}}
,"/Users/bryceharmon/Desktop/prompt-builder/utils/validation.js": {"path":"/Users/bryceharmon/Desktop/prompt-builder/utils/validation.js","all":false,"statementMap":{"0":{"start":{"line":1,"column":0},"end":{"line":1,"column":49}},"2":{"start":{"line":3,"column":0},"end":{"line":3,"column":40}},"3":{"start":{"line":4,"column":0},"end":{"line":4,"column":55}},"4":{"start":{"line":5,"column":0},"end":{"line":5,"column":41}},"5":{"start":{"line":6,"column":0},"end":{"line":6,"column":61}},"6":{"start":{"line":7,"column":0},"end":{"line":7,"column":41}},"7":{"start":{"line":8,"column":0},"end":{"line":8,"column":5}},"8":{"start":{"line":9,"column":0},"end":{"line":9,"column":20}},"9":{"start":{"line":10,"column":0},"end":{"line":10,"column":11}},"10":{"start":{"line":11,"column":0},"end":{"line":11,"column":13}},"11":{"start":{"line":12,"column":0},"end":{"line":12,"column":13}},"12":{"start":{"line":13,"column":0},"end":{"line":13,"column":17}},"13":{"start":{"line":14,"column":0},"end":{"line":14,"column":14}},"14":{"start":{"line":15,"column":0},"end":{"line":15,"column":18}},"15":{"start":{"line":16,"column":0},"end":{"line":16,"column":17}},"16":{"start":{"line":17,"column":0},"end":{"line":17,"column":17}},"17":{"start":{"line":18,"column":0},"end":{"line":18,"column":16}},"18":{"start":{"line":19,"column":0},"end":{"line":19,"column":5}},"19":{"start":{"line":20,"column":0},"end":{"line":20,"column":15}},"20":{"start":{"line":21,"column":0},"end":{"line":21,"column":15}},"21":{"start":{"line":22,"column":0},"end":{"line":22,"column":17}},"22":{"start":{"line":23,"column":0},"end":{"line":23,"column":100}},"23":{"start":{"line":24,"column":0},"end":{"line":24,"column":41}},"24":{"start":{"line":25,"column":0},"end":{"line":25,"column":7}},"25":{"start":{"line":26,"column":0},"end":{"line":26,"column":23}},"26":{"start":{"line":27,"column":0},"end":{"line":27,"column":54}},"27":{"start":{"line":28,"column":0},"end":{"line":28,"column":54}},"28":{"start":{"line":29,"column":0},"end":{"line":29,"column":50}},"29":{"start":{"line":30,"column":0},"end":{"line":30,"column":4}},"30":{"start":{"line":31,"column":0},"end":{"line":31,"column":15}},"31":{"start":{"line":32,"column":0},"end":{"line":32,"column":17}},"32":{"start":{"line":33,"column":0},"end":{"line":33,"column":3}},"34":{"start":{"line":35,"column":0},"end":{"line":35,"column":44}},"35":{"start":{"line":36,"column":0},"end":{"line":36,"column":64}},"36":{"start":{"line":37,"column":0},"end":{"line":37,"column":51}},"37":{"start":{"line":38,"column":0},"end":{"line":38,"column":71}},"38":{"start":{"line":39,"column":0},"end":{"line":39,"column":51}},"39":{"start":{"line":40,"column":0},"end":{"line":40,"column":5}},"40":{"start":{"line":41,"column":0},"end":{"line":41,"column":50}},"41":{"start":{"line":42,"column":0},"end":{"line":42,"column":49}},"42":{"start":{"line":43,"column":0},"end":{"line":43,"column":59}},"43":{"start":{"line":44,"column":0},"end":{"line":44,"column":46}},"44":{"start":{"line":45,"column":0},"end":{"line":45,"column":66}},"45":{"start":{"line":46,"column":0},"end":{"line":46,"column":46}},"46":{"start":{"line":47,"column":0},"end":{"line":47,"column":5}},"47":{"start":{"line":48,"column":0},"end":{"line":48,"column":56}},"48":{"start":{"line":49,"column":0},"end":{"line":49,"column":3}},"50":{"start":{"line":51,"column":0},"end":{"line":51,"column":50}},"51":{"start":{"line":52,"column":0},"end":{"line":52,"column":64}},"52":{"start":{"line":53,"column":0},"end":{"line":53,"column":51}},"53":{"start":{"line":54,"column":0},"end":{"line":54,"column":51}},"54":{"start":{"line":55,"column":0},"end":{"line":55,"column":5}},"55":{"start":{"line":56,"column":0},"end":{"line":56,"column":61}},"56":{"start":{"line":57,"column":0},"end":{"line":57,"column":49}},"57":{"start":{"line":58,"column":0},"end":{"line":58,"column":49}},"58":{"start":{"line":59,"column":0},"end":{"line":59,"column":5}},"59":{"start":{"line":60,"column":0},"end":{"line":60,"column":49}},"60":{"start":{"line":61,"column":0},"end":{"line":61,"column":3}},"62":{"start":{"line":63,"column":0},"end":{"line":63,"column":45}},"63":{"start":{"line":64,"column":0},"end":{"line":64,"column":40}},"64":{"start":{"line":65,"column":0},"end":{"line":65,"column":47}},"65":{"start":{"line":66,"column":0},"end":{"line":66,"column":52}},"66":{"start":{"line":67,"column":0},"end":{"line":67,"column":49}},"67":{"start":{"line":68,"column":0},"end":{"line":68,"column":42}},"68":{"start":{"line":69,"column":0},"end":{"line":69,"column":3}},"70":{"start":{"line":71,"column":0},"end":{"line":71,"column":52}},"71":{"start":{"line":72,"column":0},"end":{"line":72,"column":27}},"72":{"start":{"line":73,"column":0},"end":{"line":73,"column":15}},"73":{"start":{"line":74,"column":0},"end":{"line":74,"column":78}},"74":{"start":{"line":75,"column":0},"end":{"line":75,"column":49}},"75":{"start":{"line":76,"column":0},"end":{"line":76,"column":44}},"76":{"start":{"line":77,"column":0},"end":{"line":77,"column":45}},"77":{"start":{"line":78,"column":0},"end":{"line":78,"column":3}}},"s":{"0":1,"2":1,"3":1,"4":1,"5":1,"6":1,"7":1,"8":1,"9":1,"10":1,"11":1,"12":1,"13":1,"14":1,"15":1,"16":1,"17":1,"18":1,"19":1,"20":1,"21":1,"22":1,"23":1,"24":1,"25":1,"26":1,"27":1,"28":1,"29":1,"30":1,"31":1,"32":1,"34":1,"35":1,"36":1,"37":1,"38":1,"39":1,"40":1,"41":1,"42":1,"43":1,"44":1,"45":1,"46":1,"47":1,"48":1,"50":1,"51":1,"52":1,"53":1,"54":1,"55":1,"56":1,"57":1,"58":1,"59":1,"60":1,"62":1,"63":1,"64":1,"65":1,"66":1,"67":1,"68":1,"70":1,"71":1,"72":1,"73":1,"74":1,"75":1,"76":1,"77":1},"branchMap":{},"b":{},"fnMap":{},"f":{}}
}
