TN:
SF:server.js
FN:33,callClaudeAPI
FN:602,detectPlaceholder
FNF:2
FNH:1
FNDA:0,callClaudeAPI
FNDA:6,detectPlaceholder
DA:1,1
DA:2,1
DA:3,1
DA:4,1
DA:5,1
DA:6,1
DA:13,1
DA:15,1
DA:18,1
DA:19,1
DA:20,0
DA:21,0
DA:22,0
DA:23,0
DA:24,0
DA:25,0
DA:26,0
DA:28,1
DA:29,1
DA:30,1
DA:33,0
DA:34,0
DA:35,0
DA:37,0
DA:38,0
DA:39,0
DA:40,0
DA:41,0
DA:42,0
DA:43,0
DA:44,0
DA:45,0
DA:46,0
DA:47,0
DA:48,0
DA:49,0
DA:50,0
DA:51,0
DA:52,0
DA:53,0
DA:54,0
DA:55,0
DA:56,0
DA:58,0
DA:60,0
DA:61,0
DA:62,0
DA:63,0
DA:65,0
DA:66,0
DA:67,0
DA:68,0
DA:69,0
DA:70,0
DA:71,0
DA:72,0
DA:73,0
DA:76,1
DA:79,1
DA:80,0
DA:81,0
DA:82,0
DA:83,0
DA:84,0
DA:86,0
DA:87,0
DA:88,0
DA:89,0
DA:90,0
DA:92,0
DA:93,0
DA:96,1
DA:97,1
DA:98,1
DA:99,1
DA:100,0
DA:101,1
DA:102,1
DA:103,1
DA:104,1
DA:106,1
DA:108,1
DA:109,18
DA:110,18
DA:113,18
DA:114,18
DA:115,5
DA:116,5
DA:117,5
DA:118,5
DA:119,5
DA:120,5
DA:121,5
DA:123,13
DA:125,13
DA:127,18
DA:128,1
DA:144,1
DA:149,18
DA:150,1
DA:176,1
DA:181,12
DA:182,1
DA:208,1
DA:213,11
DA:214,1
DA:216,1
DA:368,10
DA:370,9
DA:396,9
DA:401,9
DA:404,18
DA:405,1
DA:406,1
DA:407,1
DA:408,1
DA:410,1
DA:411,1
DA:412,1
DA:413,1
DA:414,1
DA:416,1
DA:417,1
DA:418,1
DA:419,1
DA:420,1
DA:422,1
DA:423,1
DA:424,1
DA:425,1
DA:426,1
DA:428,13
DA:429,13
DA:430,13
DA:431,13
DA:432,13
DA:433,13
DA:434,13
DA:435,13
DA:436,13
DA:437,13
DA:438,13
DA:439,13
DA:440,13
DA:441,13
DA:442,13
DA:443,13
DA:444,13
DA:445,13
DA:446,13
DA:448,18
DA:449,1
DA:450,1
DA:451,1
DA:452,1
DA:453,1
DA:454,1
DA:456,11
DA:457,11
DA:460,11
DA:461,11
DA:462,11
DA:463,11
DA:464,18
DA:465,0
DA:466,0
DA:467,0
DA:468,0
DA:470,11
DA:471,18
DA:472,1
DA:473,1
DA:474,1
DA:475,1
DA:476,1
DA:477,18
DA:479,1
DA:480,5
DA:482,5
DA:484,5
DA:485,2
DA:486,2
DA:487,2
DA:489,3
DA:491,3
DA:541,3
DA:542,3
DA:544,3
DA:545,3
DA:546,3
DA:547,3
DA:548,3
DA:549,3
DA:550,3
DA:551,3
DA:552,3
DA:553,3
DA:554,3
DA:555,3
DA:556,3
DA:557,3
DA:558,3
DA:559,3
DA:560,3
DA:561,3
DA:563,3
DA:565,5
DA:566,1
DA:567,1
DA:568,1
DA:569,1
DA:570,1
DA:571,1
DA:573,2
DA:574,2
DA:576,2
DA:579,2
DA:580,2
DA:581,2
DA:582,2
DA:584,2
DA:586,2
DA:587,2
DA:588,2
DA:589,5
DA:590,5
DA:592,5
DA:593,5
DA:594,0
DA:595,0
DA:596,0
DA:597,0
DA:598,0
DA:599,5
DA:602,6
DA:603,6
DA:604,6
DA:605,6
DA:606,6
DA:607,6
DA:608,6
DA:611,6
DA:612,6
DA:613,6
DA:614,6
DA:615,6
DA:616,6
DA:617,6
DA:618,6
DA:619,6
DA:620,6
DA:621,6
DA:622,6
DA:623,6
DA:624,6
DA:625,6
DA:626,6
DA:627,6
DA:628,6
DA:629,6
DA:630,6
DA:631,6
DA:632,6
DA:633,6
DA:634,6
DA:635,6
DA:636,6
DA:637,6
DA:638,6
DA:639,6
DA:640,6
DA:641,6
DA:642,6
DA:644,6
DA:645,2
DA:646,2
DA:649,4
DA:650,4
DA:651,3
DA:652,3
DA:653,3
DA:654,6
DA:655,1
DA:656,1
DA:659,3
DA:660,3
DA:661,3
DA:662,3
DA:663,3
DA:664,3
DA:665,3
DA:666,3
DA:667,3
DA:668,3
DA:669,13
DA:670,3
DA:671,6
DA:672,1
DA:673,1
DA:676,2
DA:677,6
DA:678,1
DA:679,6
DA:680,0
DA:681,0
DA:684,2
DA:685,2
DA:686,6
DA:687,0
DA:688,0
DA:690,2
DA:691,2
DA:693,1
DA:694,8
DA:695,8
DA:698,8
DA:699,8
DA:700,2
DA:701,2
DA:702,2
DA:703,2
DA:704,2
DA:705,2
DA:706,2
DA:708,6
DA:709,6
DA:710,6
DA:711,6
DA:712,6
DA:713,6
DA:714,6
DA:716,6
DA:717,6
DA:718,6
DA:719,6
DA:722,6
DA:723,6
DA:724,5
DA:725,5
DA:728,8
DA:729,8
DA:730,8
DA:731,8
DA:732,8
DA:733,8
DA:735,8
DA:737,8
DA:739,4
DA:742,4
DA:744,4
DA:745,4
DA:746,4
DA:748,4
DA:751,4
DA:760,4
DA:784,8
DA:786,2
DA:787,1
DA:790,1
DA:793,1
DA:796,1
DA:799,1
DA:802,1
DA:830,1
DA:831,1
DA:834,1
DA:837,1
DA:840,1
DA:843,1
DA:846,1
DA:873,1
DA:874,2
DA:876,6
DA:877,6
DA:878,6
DA:879,6
DA:880,8
DA:881,8
DA:883,8
DA:884,8
DA:885,8
DA:886,8
DA:887,8
DA:888,8
DA:889,8
DA:890,8
DA:891,8
DA:892,8
DA:893,8
DA:894,8
DA:895,8
DA:896,8
DA:897,8
DA:898,8
DA:899,8
DA:900,8
DA:902,6
DA:904,8
DA:905,0
DA:906,0
DA:907,0
DA:908,0
DA:909,0
DA:910,0
DA:912,6
DA:913,6
DA:915,6
DA:916,6
DA:917,6
DA:918,6
DA:921,6
DA:922,6
DA:923,6
DA:924,6
DA:926,6
DA:928,6
DA:929,6
DA:930,6
DA:931,6
DA:932,6
DA:934,6
DA:935,6
DA:936,6
DA:937,6
DA:938,8
DA:939,0
DA:940,0
DA:941,0
DA:942,0
DA:943,0
DA:944,8
DA:946,1
DA:948,3
DA:949,3
DA:950,2
DA:951,2
DA:952,2
DA:953,2
DA:954,2
DA:956,1
DA:958,1
DA:961,1
DA:962,1
DA:963,1
DA:964,1
DA:966,3
DA:969,3
DA:972,3
DA:975,3
DA:982,3
DA:994,3
DA:995,3
DA:997,3
DA:998,3
DA:999,3
DA:1000,3
DA:1001,3
DA:1002,3
DA:1003,3
DA:1004,3
DA:1005,3
DA:1006,3
DA:1007,3
DA:1008,3
DA:1009,3
DA:1010,3
DA:1011,3
DA:1012,3
DA:1013,3
DA:1014,3
DA:1016,1
DA:1018,3
DA:1019,0
DA:1020,0
DA:1021,0
DA:1022,0
DA:1023,0
DA:1024,0
DA:1026,1
DA:1027,1
DA:1029,1
DA:1030,1
DA:1031,1
DA:1032,1
DA:1035,1
DA:1036,1
DA:1037,1
DA:1038,1
DA:1040,1
DA:1042,1
DA:1043,1
DA:1044,1
DA:1045,1
DA:1046,1
DA:1048,1
DA:1049,3
DA:1050,0
DA:1051,0
DA:1052,0
DA:1053,0
DA:1054,0
DA:1055,3
DA:1057,1
DA:1059,3
DA:1060,3
DA:1061,1
DA:1062,1
DA:1063,1
DA:1064,1
DA:1065,1
DA:1067,2
DA:1068,2
DA:1070,2
DA:1071,2
DA:1072,3
DA:1073,3
DA:1076,3
DA:1078,3
DA:1079,3
DA:1080,3
DA:1083,3
DA:1094,3
DA:1111,3
DA:1112,3
DA:1114,3
DA:1115,3
DA:1116,3
DA:1117,3
DA:1118,3
DA:1119,3
DA:1120,3
DA:1121,3
DA:1122,3
DA:1123,3
DA:1124,3
DA:1125,3
DA:1126,3
DA:1127,3
DA:1128,3
DA:1129,3
DA:1130,3
DA:1131,3
DA:1133,2
DA:1135,3
DA:1136,0
DA:1137,0
DA:1138,0
DA:1139,0
DA:1140,0
DA:1141,0
DA:1143,2
DA:1144,2
DA:1146,2
DA:1149,2
DA:1150,2
DA:1151,2
DA:1152,2
DA:1154,2
DA:1156,2
DA:1157,2
DA:1158,3
DA:1159,3
DA:1160,3
DA:1162,3
DA:1163,3
DA:1164,0
DA:1165,0
DA:1166,0
DA:1167,0
DA:1168,0
DA:1169,3
DA:1171,1
DA:1173,9
DA:1174,9
DA:1175,2
DA:1176,2
DA:1177,2
DA:1178,2
DA:1179,2
DA:1181,7
DA:1183,7
DA:1185,7
DA:1186,7
DA:1188,9
DA:1189,9
DA:1190,9
DA:1201,9
DA:1203,9
DA:1204,9
DA:1205,9
DA:1216,9
DA:1218,9
DA:1219,9
DA:1220,9
DA:1231,9
DA:1233,9
DA:1234,9
DA:1235,9
DA:1246,9
DA:1248,9
DA:1249,9
DA:1250,9
DA:1261,9
DA:1263,9
DA:1264,9
DA:1265,9
DA:1276,9
DA:1278,9
DA:1279,9
DA:1280,9
DA:1290,9
DA:1292,9
DA:1294,9
DA:1318,9
DA:1319,9
DA:1321,9
DA:1322,9
DA:1323,9
DA:1324,9
DA:1325,9
DA:1326,9
DA:1327,9
DA:1328,9
DA:1329,9
DA:1330,9
DA:1331,9
DA:1332,9
DA:1333,9
DA:1334,9
DA:1335,9
DA:1336,9
DA:1337,9
DA:1338,9
DA:1340,7
DA:1342,9
DA:1343,0
DA:1344,0
DA:1345,0
DA:1346,0
DA:1347,0
DA:1348,0
DA:1350,7
DA:1351,7
DA:1353,7
DA:1354,7
DA:1355,7
DA:1356,7
DA:1358,7
DA:1359,7
DA:1360,7
DA:1361,7
DA:1363,7
DA:1365,7
DA:1366,7
DA:1367,7
DA:1368,7
DA:1369,7
DA:1371,7
DA:1372,9
DA:1373,0
DA:1374,0
DA:1375,0
DA:1376,0
DA:1377,0
DA:1378,9
DA:1381,1
DA:1382,0
DA:1383,0
DA:1384,0
DA:1385,0
DA:1388,1
LF:671
LH:553
BRDA:20,0,0,0
BRDA:79,1,0,0
BRDA:99,2,0,0
BRDA:1381,3,0,0
BRDA:108,4,0,18
BRDA:114,5,0,5
BRDA:121,6,0,13
BRDA:127,7,0,1
BRDA:149,8,0,12
BRDA:149,9,0,1
BRDA:181,10,0,11
BRDA:181,11,0,1
BRDA:213,12,0,10
BRDA:213,13,0,1
BRDA:368,14,0,9
BRDA:401,15,0,13
BRDA:404,16,0,1
BRDA:404,17,0,1
BRDA:426,18,0,13
BRDA:446,19,0,12
BRDA:448,20,0,1
BRDA:454,21,0,11
BRDA:462,22,0,11
BRDA:464,23,0,0
BRDA:468,24,0,11
BRDA:471,25,0,1
BRDA:404,26,0,1
BRDA:479,27,0,5
BRDA:484,28,0,2
BRDA:487,29,0,3
BRDA:565,30,0,1
BRDA:571,31,0,2
BRDA:593,32,0,0
BRDA:602,33,0,6
BRDA:644,34,0,4
BRDA:644,35,0,2
BRDA:646,36,0,4
BRDA:650,37,0,3
BRDA:651,38,0,3
BRDA:652,39,0,3
BRDA:654,40,0,1
BRDA:656,41,0,3
BRDA:671,42,0,1
BRDA:673,43,0,2
BRDA:677,44,0,1
BRDA:677,45,0,1
BRDA:679,46,0,0
BRDA:681,47,0,2
BRDA:686,48,0,0
BRDA:688,49,0,2
BRDA:668,50,0,13
BRDA:693,51,0,8
BRDA:699,52,0,2
BRDA:706,53,0,6
BRDA:723,54,0,5
BRDA:724,55,0,5
BRDA:737,56,0,4
BRDA:760,57,0,0
BRDA:784,58,0,2
BRDA:786,59,0,1
BRDA:874,60,0,6
BRDA:880,61,0,4
BRDA:880,62,0,2
BRDA:900,63,0,6
BRDA:904,64,0,0
BRDA:910,65,0,6
BRDA:938,66,0,0
BRDA:946,67,0,3
BRDA:949,68,0,2
BRDA:954,69,0,1
BRDA:963,70,0,1
BRDA:966,71,0,0
BRDA:966,72,0,1
BRDA:982,73,0,0
BRDA:982,74,0,1
BRDA:1014,75,0,1
BRDA:1018,76,0,0
BRDA:1024,77,0,1
BRDA:1049,78,0,0
BRDA:1057,79,0,3
BRDA:1060,80,0,1
BRDA:1065,81,0,2
BRDA:1073,82,0,2
BRDA:1079,83,0,0
BRDA:1131,84,0,2
BRDA:1135,85,0,0
BRDA:1141,86,0,2
BRDA:1158,87,0,1
BRDA:1158,88,0,1
BRDA:1163,89,0,0
BRDA:1171,90,0,9
BRDA:1174,91,0,2
BRDA:1179,92,0,7
BRDA:1188,93,0,0
BRDA:1189,94,0,0
BRDA:1190,95,0,0
BRDA:1203,96,0,0
BRDA:1204,97,0,0
BRDA:1205,98,0,0
BRDA:1218,99,0,0
BRDA:1219,100,0,0
BRDA:1220,101,0,0
BRDA:1233,102,0,0
BRDA:1234,103,0,0
BRDA:1235,104,0,0
BRDA:1248,105,0,0
BRDA:1249,106,0,0
BRDA:1250,107,0,0
BRDA:1263,108,0,0
BRDA:1264,109,0,0
BRDA:1265,110,0,0
BRDA:1278,111,0,0
BRDA:1279,112,0,0
BRDA:1280,113,0,0
BRDA:1292,114,0,0
BRDA:1338,115,0,7
BRDA:1342,116,0,0
BRDA:1348,117,0,7
BRDA:1372,118,0,0
BRF:119
BRH:77
end_of_record
TN:
SF:src/firebase.js
FN:1,(empty-report)
FNF:1
FNH:0
FNDA:0,(empty-report)
DA:1,0
DA:20,0
DA:21,0
DA:22,0
DA:23,0
DA:24,0
DA:25,0
DA:26,0
DA:27,0
DA:28,0
DA:29,0
DA:31,0
DA:32,0
DA:33,0
DA:34,0
DA:35,0
DA:36,0
DA:38,0
DA:39,0
DA:40,0
DA:41,0
DA:42,0
DA:43,0
DA:44,0
DA:45,0
DA:46,0
DA:47,0
DA:49,0
DA:50,0
DA:51,0
DA:52,0
DA:53,0
DA:54,0
DA:55,0
DA:56,0
DA:58,0
DA:59,0
DA:60,0
DA:61,0
DA:62,0
DA:63,0
DA:64,0
DA:65,0
DA:66,0
DA:67,0
DA:68,0
DA:69,0
DA:70,0
DA:71,0
DA:73,0
DA:74,0
DA:75,0
DA:76,0
DA:77,0
DA:78,0
DA:79,0
DA:80,0
DA:81,0
DA:82,0
DA:83,0
DA:84,0
DA:85,0
DA:86,0
DA:87,0
DA:88,0
DA:89,0
DA:90,0
LF:67
LH:0
BRDA:1,0,0,0
BRF:1
BRH:0
end_of_record
TN:
SF:utils/validateEnv.js
FN:1,validateEnv
FNF:1
FNH:1
FNDA:1,validateEnv
DA:1,1
DA:2,1
DA:3,1
DA:4,1
DA:5,1
DA:6,1
DA:8,1
DA:10,1
DA:11,0
DA:12,0
DA:13,0
DA:14,0
DA:16,1
DA:17,1
DA:18,1
DA:19,1
DA:20,1
DA:21,0
DA:22,0
DA:23,0
DA:24,0
DA:26,1
DA:27,1
LF:23
LH:15
BRDA:1,0,0,1
BRDA:10,1,0,0
BRDA:20,2,0,0
BRDA:8,3,0,3
BRF:4
BRH:2
end_of_record
TN:
SF:utils/validation.js
FNF:0
FNH:0
DA:1,1
DA:3,1
DA:4,1
DA:5,1
DA:6,1
DA:7,1
DA:8,1
DA:9,1
DA:10,1
DA:11,1
DA:12,1
DA:13,1
DA:14,1
DA:15,1
DA:16,1
DA:17,1
DA:18,1
DA:19,1
DA:20,1
DA:21,1
DA:22,1
DA:23,1
DA:24,1
DA:25,1
DA:26,1
DA:27,1
DA:28,1
DA:29,1
DA:30,1
DA:31,1
DA:32,1
DA:33,1
DA:35,1
DA:36,1
DA:37,1
DA:38,1
DA:39,1
DA:40,1
DA:41,1
DA:42,1
DA:43,1
DA:44,1
DA:45,1
DA:46,1
DA:47,1
DA:48,1
DA:49,1
DA:51,1
DA:52,1
DA:53,1
DA:54,1
DA:55,1
DA:56,1
DA:57,1
DA:58,1
DA:59,1
DA:60,1
DA:61,1
DA:63,1
DA:64,1
DA:65,1
DA:66,1
DA:67,1
DA:68,1
DA:69,1
DA:71,1
DA:72,1
DA:73,1
DA:74,1
DA:75,1
DA:76,1
DA:77,1
DA:78,1
LF:73
LH:73
BRF:0
BRH:0
end_of_record
